Loaded 2369 known entities
========================================================================
GBONPZV UPSTREAM INVESTIGATION
========================================================================

Fetching: GBnPzv (dominant upstream) (5GBnPzvPghS8AuCo...)
  GBnPzv (dominant upstream): page 1 (100/522525)
  GBnPzv (dominant upstream): page 2 (200/522525)
  GBnPzv (dominant upstream): page 3 (300/522525)
  GBnPzv (dominant upstream): page 4 (400/522525)
  GBnPzv (dominant upstream): page 5 (500/522525)
  GBnPzv (dominant upstream): page 6 (600/522525)
  GBnPzv (dominant upstream): page 7 (700/522525)
  GBnPzv (dominant upstream): page 8 (800/522525)
  GBnPzv (dominant upstream): page 9 (900/522525)
  GBnPzv (dominant upstream): page 10 (1000/522525)
  GBnPzv (dominant upstream): page 11 (1100/522525)
  GBnPzv (dominant upstream): page 12 (1200/522525)
  GBnPzv (dominant upstream): page 13 (1300/522525)
  GBnPzv (dominant upstream): page 14 (1400/522525)
  GBnPzv (dominant upstream): page 15 (1500/522525)
  GBnPzv (dominant upstream): page 16 (1600/522525)
  GBnPzv (dominant upstream): page 17 (1700/522525)
  GBnPzv (dominant upstream): page 18 (1800/522525)
  GBnPzv (dominant upstream): page 19 (1900/522525)
  GBnPzv (dominant upstream): page 20 (2000/522525)
  GBnPzv (dominant upstream): page 21 (2100/522525)
  GBnPzv (dominant upstream): page 22 (2200/522525)
  GBnPzv (dominant upstream): page 23 (2300/522525)
  GBnPzv (dominant upstream): page 24 (2400/522525)
  GBnPzv (dominant upstream): page 25 (2500/522525)
  GBnPzv (dominant upstream): page 26 (2600/522525)
  GBnPzv (dominant upstream): page 27 (2700/522525)
  GBnPzv (dominant upstream): page 28 (2800/522525)
  GBnPzv (dominant upstream): page 29 (2900/522525)
  GBnPzv (dominant upstream): page 30 (3000/522525)
  GBnPzv (dominant upstream): page 31 (3100/522525)
  GBnPzv (dominant upstream): page 32 (3200/522525)
  GBnPzv (dominant upstream): page 33 (3300/522525)
  GBnPzv (dominant upstream): page 34 (3400/522525)
  GBnPzv (dominant upstream): page 35 (3500/522525)
  GBnPzv (dominant upstream): page 36 (3600/522525)
  GBnPzv (dominant upstream): page 37 (3700/522525)
  GBnPzv (dominant upstream): page 38 (3800/522525)
  GBnPzv (dominant upstream): page 39 (3900/522525)
  GBnPzv (dominant upstream): page 40 (4000/522525)
  GBnPzv (dominant upstream): page 41 (4100/522525)
  GBnPzv (dominant upstream): page 42 (4200/522525)
  GBnPzv (dominant upstream): page 43 (4300/522525)
  GBnPzv (dominant upstream): page 44 (4400/522525)
  GBnPzv (dominant upstream): page 45 (4500/522525)
  GBnPzv (dominant upstream): page 46 (4600/522525)
  GBnPzv (dominant upstream): page 47 (4700/522525)
  GBnPzv (dominant upstream): page 48 (4800/522525)
  GBnPzv (dominant upstream): page 49 (4900/522525)
  GBnPzv (dominant upstream): page 50 (5000/522525)
  GBnPzv (dominant upstream): page 51 (5100/522525)
  GBnPzv (dominant upstream): page 52 (5200/522525)
  GBnPzv (dominant upstream): page 53 (5300/522525)
  GBnPzv (dominant upstream): page 54 (5400/522525)
  GBnPzv (dominant upstream): page 55 (5500/522525)
  GBnPzv (dominant upstream): page 56 (5600/522525)
  GBnPzv (dominant upstream): page 57 (5700/522525)
  GBnPzv (dominant upstream): page 58 (5800/522525)
  GBnPzv (dominant upstream): page 59 (5900/522525)
  GBnPzv (dominant upstream): page 60 (6000/522525)
  GBnPzv (dominant upstream): page 61 (6100/522525)
  GBnPzv (dominant upstream): page 62 (6200/522525)
  GBnPzv (dominant upstream): page 63 (6300/522528)
  GBnPzv (dominant upstream): page 64 (6400/522528)
  GBnPzv (dominant upstream): page 65 (6500/522528)
  GBnPzv (dominant upstream): page 66 (6600/522528)
  GBnPzv (dominant upstream): page 67 (6700/522528)
  GBnPzv (dominant upstream): page 68 (6800/522528)
  GBnPzv (dominant upstream): page 69 (6900/522528)
  GBnPzv (dominant upstream): page 70 (7000/522528)
  GBnPzv (dominant upstream): page 71 (7100/522528)
  GBnPzv (dominant upstream): page 72 (7200/522528)
  GBnPzv (dominant upstream): page 73 (7300/522530)
  GBnPzv (dominant upstream): page 74 (7400/522530)
  GBnPzv (dominant upstream): page 75 (7500/522530)
  GBnPzv (dominant upstream): page 76 (7600/522530)
  GBnPzv (dominant upstream): page 77 (7700/522530)
  GBnPzv (dominant upstream): page 78 (7800/522530)
  GBnPzv (dominant upstream): page 79 (7900/522530)
  GBnPzv (dominant upstream): page 80 (8000/522530)
  GBnPzv (dominant upstream): page 81 (8100/522530)
  GBnPzv (dominant upstream): page 82 (8200/522530)
  GBnPzv (dominant upstream): page 83 (8300/522530)
  GBnPzv (dominant upstream): page 84 (8400/522530)
  GBnPzv (dominant upstream): page 85 (8500/522530)
  GBnPzv (dominant upstream): page 86 (8600/522530)
  GBnPzv (dominant upstream): page 87 (8700/522530)
  GBnPzv (dominant upstream): page 88 (8800/522530)
  GBnPzv (dominant upstream): page 89 (8900/522530)
  GBnPzv (dominant upstream): page 90 (9000/522530)
  GBnPzv (dominant upstream): page 91 (9100/522530)
  GBnPzv (dominant upstream): page 92 (9200/522530)
  GBnPzv (dominant upstream): page 93 (9300/522530)
  GBnPzv (dominant upstream): page 94 (9400/522532)
  GBnPzv (dominant upstream): page 95 (9500/522532)
  GBnPzv (dominant upstream): page 96 (9600/522532)
  GBnPzv (dominant upstream): page 97 (9700/522532)
  GBnPzv (dominant upstream): page 98 (9800/522532)
  GBnPzv (dominant upstream): page 99 (9900/522532)
  GBnPzv (dominant upstream): page 100 (10000/522532)
  GBnPzv (dominant upstream): page 101 (10100/522532)
  GBnPzv (dominant upstream): page 102 (10200/522532)
  GBnPzv (dominant upstream): page 103 (10300/522532)
  GBnPzv (dominant upstream): page 104 (10400/522532)
  GBnPzv (dominant upstream): page 105 (10500/522532)
  GBnPzv (dominant upstream): page 106 (10600/522532)
  GBnPzv (dominant upstream): page 107 (10700/522532)
  GBnPzv (dominant upstream): page 108 (10800/522532)
  GBnPzv (dominant upstream): page 109 (10900/522534)
  GBnPzv (dominant upstream): page 110 (11000/522534)
  GBnPzv (dominant upstream): page 111 (11100/522534)
  GBnPzv (dominant upstream): page 112 (11200/522534)
  GBnPzv (dominant upstream): page 113 (11300/522534)
  GBnPzv (dominant upstream): page 114 (11400/522534)
  GBnPzv (dominant upstream): page 115 (11500/522534)
  GBnPzv (dominant upstream): page 116 (11600/522534)
  GBnPzv (dominant upstream): page 117 (11700/522534)
  GBnPzv (dominant upstream): page 118 (11800/522534)
  GBnPzv (dominant upstream): page 119 (11900/522534)
  GBnPzv (dominant upstream): page 120 (12000/522534)
  GBnPzv (dominant upstream): page 121 (12100/522534)
  GBnPzv (dominant upstream): page 122 (12200/522534)
  GBnPzv (dominant upstream): page 123 (12300/522534)
  GBnPzv (dominant upstream): page 124 (12400/522534)
  GBnPzv (dominant upstream): page 125 (12500/522534)
  GBnPzv (dominant upstream): page 126 (12600/522534)
  GBnPzv (dominant upstream): page 127 (12700/522534)
  GBnPzv (dominant upstream): page 128 (12800/522534)
  GBnPzv (dominant upstream): page 129 (12900/522534)
  GBnPzv (dominant upstream): page 130 (13000/522534)
  GBnPzv (dominant upstream): page 131 (13100/522534)
  GBnPzv (dominant upstream): page 132 (13200/522534)
  GBnPzv (dominant upstream): page 133 (13300/522534)
  GBnPzv (dominant upstream): page 134 (13400/522534)
  GBnPzv (dominant upstream): page 135 (13500/522534)
  GBnPzv (dominant upstream): page 136 (13600/522534)
  GBnPzv (dominant upstream): page 137 (13700/522534)
  GBnPzv (dominant upstream): page 138 (13800/522534)
  GBnPzv (dominant upstream): page 139 (13900/522534)
  GBnPzv (dominant upstream): page 140 (14000/522534)
  GBnPzv (dominant upstream): page 141 (14100/522534)
  GBnPzv (dominant upstream): page 142 (14200/522534)
  GBnPzv (dominant upstream): page 143 (14300/522534)
  GBnPzv (dominant upstream): page 144 (14400/522534)
  GBnPzv (dominant upstream): page 145 (14500/522534)
  GBnPzv (dominant upstream): page 146 (14600/522534)
  GBnPzv (dominant upstream): page 147 (14700/522534)
  GBnPzv (dominant upstream): page 148 (14800/522534)
  GBnPzv (dominant upstream): page 149 (14900/522536)
  GBnPzv (dominant upstream): page 150 (15000/522536)
  GBnPzv (dominant upstream): page 151 (15100/522536)
  GBnPzv (dominant upstream): page 152 (15200/522536)
  GBnPzv (dominant upstream): page 153 (15300/522536)
  GBnPzv (dominant upstream): page 154 (15400/522536)
  GBnPzv (dominant upstream): page 155 (15500/522536)
  GBnPzv (dominant upstream): page 156 (15600/522536)
  GBnPzv (dominant upstream): page 157 (15700/522536)
  GBnPzv (dominant upstream): page 158 (15800/522536)
  GBnPzv (dominant upstream): page 159 (15900/522536)
  GBnPzv (dominant upstream): page 160 (16000/522536)
  GBnPzv (dominant upstream): page 161 (16100/522536)
  GBnPzv (dominant upstream): page 162 (16200/522536)
  GBnPzv (dominant upstream): page 163 (16300/522536)
  GBnPzv (dominant upstream): page 164 (16400/522538)
  GBnPzv (dominant upstream): page 165 (16500/522538)
  GBnPzv (dominant upstream): page 166 (16600/522538)
  GBnPzv (dominant upstream): page 167 (16700/522538)
  GBnPzv (dominant upstream): page 168 (16800/522538)
  GBnPzv (dominant upstream): page 169 (16900/522538)
  GBnPzv (dominant upstream): page 170 (17000/522538)
  GBnPzv (dominant upstream): page 171 (17100/522538)
  GBnPzv (dominant upstream): page 172 (17200/522538)
  GBnPzv (dominant upstream): page 173 (17300/522538)
  GBnPzv (dominant upstream): page 174 (17400/522538)
  GBnPzv (dominant upstream): page 175 (17500/522538)
  GBnPzv (dominant upstream): page 176 (17600/522538)
  GBnPzv (dominant upstream): page 177 (17700/522538)
  GBnPzv (dominant upstream): page 178 (17800/522538)
  GBnPzv (dominant upstream): page 179 (17900/522538)
  GBnPzv (dominant upstream): page 180 (18000/522538)
  GBnPzv (dominant upstream): page 181 (18100/522538)
  GBnPzv (dominant upstream): page 182 (18200/522538)
  GBnPzv (dominant upstream): page 183 (18300/522540)
  GBnPzv (dominant upstream): page 184 (18400/522540)
  GBnPzv (dominant upstream): page 185 (18500/522540)
  GBnPzv (dominant upstream): page 186 (18600/522540)
  GBnPzv (dominant upstream): page 187 (18700/522540)
  GBnPzv (dominant upstream): page 188 (18800/522540)
  GBnPzv (dominant upstream): page 189 (18900/522540)
  GBnPzv (dominant upstream): page 190 (19000/522540)
  GBnPzv (dominant upstream): page 191 (19100/522540)
  GBnPzv (dominant upstream): page 192 (19200/522540)
  GBnPzv (dominant upstream): page 193 (19300/522540)
  GBnPzv (dominant upstream): page 194 (19400/522540)
  GBnPzv (dominant upstream): page 195 (19500/522540)
  GBnPzv (dominant upstream): page 196 (19600/522540)
  GBnPzv (dominant upstream): page 197 (19700/522540)
  GBnPzv (dominant upstream): page 198 (19800/522540)
  GBnPzv (dominant upstream): page 199 (19900/522540)
  GBnPzv (dominant upstream): page 200 (20000/522540)
  GBnPzv (dominant upstream): page 201 (20100/522540)
  GBnPzv (dominant upstream): page 202 (20200/522540)
  GBnPzv (dominant upstream): page 203 (20300/522540)
  GBnPzv (dominant upstream): page 204 (20400/522540)
  GBnPzv (dominant upstream): page 205 (20500/522540)
  GBnPzv (dominant upstream): page 206 (20600/522540)
  GBnPzv (dominant upstream): page 207 (20700/522540)
  GBnPzv (dominant upstream): page 208 (20800/522540)
  GBnPzv (dominant upstream): page 209 (20900/522540)
  GBnPzv (dominant upstream): page 210 (21000/522540)
  GBnPzv (dominant upstream): page 211 (21100/522540)
  GBnPzv (dominant upstream): page 212 (21200/522540)
  GBnPzv (dominant upstream): page 213 (21300/522540)
  GBnPzv (dominant upstream): page 214 (21400/522540)
  GBnPzv (dominant upstream): page 215 (21500/522540)
  GBnPzv (dominant upstream): page 216 (21600/522540)
  GBnPzv (dominant upstream): page 217 (21700/522540)
  GBnPzv (dominant upstream): page 218 (21800/522540)
  GBnPzv (dominant upstream): page 219 (21900/522540)
  GBnPzv (dominant upstream): page 220 (22000/522540)
  GBnPzv (dominant upstream): page 221 (22100/522540)
  GBnPzv (dominant upstream): page 222 (22200/522540)
  GBnPzv (dominant upstream): page 223 (22300/522540)
  GBnPzv (dominant upstream): page 224 (22400/522540)
  GBnPzv (dominant upstream): page 225 (22500/522540)
  GBnPzv (dominant upstream): page 226 (22600/522540)
  GBnPzv (dominant upstream): page 227 (22700/522540)
  GBnPzv (dominant upstream): page 228 (22800/522540)
  GBnPzv (dominant upstream): page 229 (22900/522540)
  GBnPzv (dominant upstream): page 230 (23000/522540)
  GBnPzv (dominant upstream): page 231 (23100/522540)
  GBnPzv (dominant upstream): page 232 (23200/522540)
  GBnPzv (dominant upstream): page 233 (23300/522540)
  GBnPzv (dominant upstream): page 234 (23400/522540)
  GBnPzv (dominant upstream): page 235 (23500/522540)
  GBnPzv (dominant upstream): page 236 (23600/522540)
  GBnPzv (dominant upstream): page 237 (23700/522540)
  GBnPzv (dominant upstream): page 238 (23800/522540)
  GBnPzv (dominant upstream): page 239 (23900/522540)
  GBnPzv (dominant upstream): page 240 (24000/522540)
  GBnPzv (dominant upstream): page 241 (24100/522540)
  GBnPzv (dominant upstream): page 242 (24200/522540)
  GBnPzv (dominant upstream): page 243 (24300/522540)
  GBnPzv (dominant upstream): page 244 (24400/522540)
  GBnPzv (dominant upstream): page 245 (24500/522540)
  GBnPzv (dominant upstream): page 246 (24600/522540)
  GBnPzv (dominant upstream): page 247 (24700/522540)
  GBnPzv (dominant upstream): page 248 (24800/522540)
  GBnPzv (dominant upstream): page 249 (24900/522540)
  GBnPzv (dominant upstream): page 250 (25000/522540)
  GBnPzv (dominant upstream): page 251 (25100/522540)
  GBnPzv (dominant upstream): page 252 (25200/522540)
  GBnPzv (dominant upstream): page 253 (25300/522540)
  GBnPzv (dominant upstream): page 254 (25400/522540)
  GBnPzv (dominant upstream): page 255 (25500/522540)
  GBnPzv (dominant upstream): page 256 (25600/522540)
  GBnPzv (dominant upstream): page 257 (25700/522540)
  GBnPzv (dominant upstream): page 258 (25800/522540)
  GBnPzv (dominant upstream): page 259 (25900/522540)
  GBnPzv (dominant upstream): page 260 (26000/522540)
  GBnPzv (dominant upstream): page 261 (26100/522540)
  GBnPzv (dominant upstream): page 262 (26200/522542)
  GBnPzv (dominant upstream): page 263 (26300/522542)
  GBnPzv (dominant upstream): page 264 (26400/522542)
  GBnPzv (dominant upstream): page 265 (26500/522542)
  GBnPzv (dominant upstream): page 266 (26600/522542)
  GBnPzv (dominant upstream): page 267 (26700/522542)
  GBnPzv (dominant upstream): page 268 (26800/522542)
  GBnPzv (dominant upstream): page 269 (26900/522542)
  GBnPzv (dominant upstream): page 270 (27000/522542)
  GBnPzv (dominant upstream): page 271 (27100/522542)
  GBnPzv (dominant upstream): page 272 (27200/522542)
  GBnPzv (dominant upstream): page 273 (27300/522542)
  GBnPzv (dominant upstream): page 274 (27400/522542)
  GBnPzv (dominant upstream): page 275 (27500/522542)
  GBnPzv (dominant upstream): page 276 (27600/522542)
  GBnPzv (dominant upstream): page 277 (27700/522542)
  GBnPzv (dominant upstream): page 278 (27800/522542)
  GBnPzv (dominant upstream): page 279 (27900/522542)
  GBnPzv (dominant upstream): page 280 (28000/522542)
  GBnPzv (dominant upstream): page 281 (28100/522542)
  GBnPzv (dominant upstream): page 282 (28200/522542)
  GBnPzv (dominant upstream): page 283 (28300/522542)
  GBnPzv (dominant upstream): page 284 (28400/522542)
  GBnPzv (dominant upstream): page 285 (28500/522544)
  GBnPzv (dominant upstream): page 286 (28600/522544)
  GBnPzv (dominant upstream): page 287 (28700/522544)
  GBnPzv (dominant upstream): page 288 (28800/522544)
  GBnPzv (dominant upstream): page 289 (28900/522544)
  GBnPzv (dominant upstream): page 290 (29000/522544)
  GBnPzv (dominant upstream): page 291 (29100/522544)
  GBnPzv (dominant upstream): page 292 (29200/522544)
  GBnPzv (dominant upstream): page 293 (29300/522544)
  GBnPzv (dominant upstream): page 294 (29400/522544)
  GBnPzv (dominant upstream): page 295 (29500/522544)
  GBnPzv (dominant upstream): page 296 (29600/522544)
  GBnPzv (dominant upstream): page 297 (29700/522544)
  GBnPzv (dominant upstream): page 298 (29800/522544)
  GBnPzv (dominant upstream): page 299 (29900/522544)
  GBnPzv (dominant upstream): page 300 (30000/522544)
  GBnPzv (dominant upstream): page 301 (30100/522544)
  GBnPzv (dominant upstream): page 302 (30200/522544)
  GBnPzv (dominant upstream): page 303 (30300/522544)
  GBnPzv (dominant upstream): page 304 (30400/522544)
  GBnPzv (dominant upstream): page 305 (30500/522544)
  GBnPzv (dominant upstream): page 306 (30600/522544)
  GBnPzv (dominant upstream): page 307 (30700/522548)
  GBnPzv (dominant upstream): page 308 (30800/522548)
  GBnPzv (dominant upstream): page 309 (30900/522548)
  GBnPzv (dominant upstream): page 310 (31000/522548)
  GBnPzv (dominant upstream): page 311 (31100/522548)
  GBnPzv (dominant upstream): page 312 (31200/522548)
  GBnPzv (dominant upstream): page 313 (31300/522548)
  GBnPzv (dominant upstream): page 314 (31400/522548)
  GBnPzv (dominant upstream): page 315 (31500/522548)
  GBnPzv (dominant upstream): page 316 (31600/522548)
  GBnPzv (dominant upstream): page 317 (31700/522548)
  GBnPzv (dominant upstream): page 318 (31800/522548)
  GBnPzv (dominant upstream): page 319 (31900/522548)
  GBnPzv (dominant upstream): page 320 (32000/522548)
  GBnPzv (dominant upstream): page 321 (32100/522548)
  GBnPzv (dominant upstream): page 322 (32200/522548)
  GBnPzv (dominant upstream): page 323 (32300/522548)
  GBnPzv (dominant upstream): page 324 (32400/522548)
  GBnPzv (dominant upstream): page 325 (32500/522548)
  GBnPzv (dominant upstream): page 326 (32600/522548)
  GBnPzv (dominant upstream): page 327 (32700/522548)
  GBnPzv (dominant upstream): page 328 (32800/522548)
  GBnPzv (dominant upstream): page 329 (32900/522548)
  GBnPzv (dominant upstream): page 330 (33000/522548)
  GBnPzv (dominant upstream): page 331 (33100/522548)
  GBnPzv (dominant upstream): page 332 (33200/522548)
  GBnPzv (dominant upstream): page 333 (33300/522548)
  GBnPzv (dominant upstream): page 334 (33400/522548)
  GBnPzv (dominant upstream): page 335 (33500/522548)
  GBnPzv (dominant upstream): page 336 (33600/522548)
  GBnPzv (dominant upstream): page 337 (33700/522548)
  GBnPzv (dominant upstream): page 338 (33800/522548)
  GBnPzv (dominant upstream): page 339 (33900/522548)
  GBnPzv (dominant upstream): page 340 (34000/522548)
  GBnPzv (dominant upstream): page 341 (34100/522548)
  GBnPzv (dominant upstream): page 342 (34200/522548)
  GBnPzv (dominant upstream): page 343 (34300/522550)
  GBnPzv (dominant upstream): page 344 (34400/522550)
  GBnPzv (dominant upstream): page 345 (34500/522550)
  GBnPzv (dominant upstream): page 346 (34600/522550)
  GBnPzv (dominant upstream): page 347 (34700/522550)
  GBnPzv (dominant upstream): page 348 (34800/522550)
  GBnPzv (dominant upstream): page 349 (34900/522550)
  GBnPzv (dominant upstream): page 350 (35000/522550)
  GBnPzv (dominant upstream): page 351 (35100/522550)
  GBnPzv (dominant upstream): page 352 (35200/522550)
  GBnPzv (dominant upstream): page 353 (35300/522550)
  GBnPzv (dominant upstream): page 354 (35400/522550)
  GBnPzv (dominant upstream): page 355 (35500/522550)
  GBnPzv (dominant upstream): page 356 (35600/522550)
  GBnPzv (dominant upstream): page 357 (35700/522550)
  GBnPzv (dominant upstream): page 358 (35800/522550)
  GBnPzv (dominant upstream): page 359 (35900/522550)
  GBnPzv (dominant upstream): page 360 (36000/522550)
  GBnPzv (dominant upstream): page 361 (36100/522550)
  GBnPzv (dominant upstream): page 362 (36200/522550)
  GBnPzv (dominant upstream): page 363 (36300/522550)
  GBnPzv (dominant upstream): page 364 (36400/522550)
  GBnPzv (dominant upstream): page 365 (36500/522550)
  GBnPzv (dominant upstream): page 366 (36600/522550)
  GBnPzv (dominant upstream): page 367 (36700/522550)
  GBnPzv (dominant upstream): page 368 (36800/522550)
  GBnPzv (dominant upstream): page 369 (36900/522550)
  GBnPzv (dominant upstream): page 370 (37000/522550)
  GBnPzv (dominant upstream): page 371 (37100/522550)
  GBnPzv (dominant upstream): page 372 (37200/522552)
  GBnPzv (dominant upstream): page 373 (37300/522552)
  GBnPzv (dominant upstream): page 374 (37400/522552)
  GBnPzv (dominant upstream): page 375 (37500/522552)
  GBnPzv (dominant upstream): page 376 (37600/522552)
  GBnPzv (dominant upstream): page 377 (37700/522552)
  GBnPzv (dominant upstream): page 378 (37800/522552)
  GBnPzv (dominant upstream): page 379 (37900/522552)
  GBnPzv (dominant upstream): page 380 (38000/522552)
  GBnPzv (dominant upstream): page 381 (38100/522552)
  GBnPzv (dominant upstream): page 382 (38200/522552)
  GBnPzv (dominant upstream): page 383 (38300/522552)
  GBnPzv (dominant upstream): page 384 (38400/522552)
  GBnPzv (dominant upstream): page 385 (38500/522552)
  GBnPzv (dominant upstream): page 386 (38600/522552)
  GBnPzv (dominant upstream): page 387 (38700/522552)
  GBnPzv (dominant upstream): page 388 (38800/522552)
  GBnPzv (dominant upstream): page 389 (38900/522552)
  GBnPzv (dominant upstream): page 390 (39000/522552)
  GBnPzv (dominant upstream): page 391 (39100/522555)
  GBnPzv (dominant upstream): page 392 (39200/522555)
  GBnPzv (dominant upstream): page 393 (39300/522555)
  GBnPzv (dominant upstream): page 394 (39400/522555)
  GBnPzv (dominant upstream): page 395 (39500/522555)
  GBnPzv (dominant upstream): page 396 (39600/522555)
  GBnPzv (dominant upstream): page 397 (39700/522555)
  GBnPzv (dominant upstream): page 398 (39800/522555)
  GBnPzv (dominant upstream): page 399 (39900/522555)
  GBnPzv (dominant upstream): page 400 (40000/522555)
  GBnPzv (dominant upstream): page 401 (40100/522555)
  GBnPzv (dominant upstream): page 402 (40200/522555)
  GBnPzv (dominant upstream): page 403 (40300/522555)
  GBnPzv (dominant upstream): page 404 (40400/522555)
  GBnPzv (dominant upstream): page 405 (40500/522555)
  GBnPzv (dominant upstream): page 406 (40600/522555)
  GBnPzv (dominant upstream): page 407 (40700/522555)
  GBnPzv (dominant upstream): page 408 (40800/522555)
  GBnPzv (dominant upstream): page 409 (40900/522555)
  GBnPzv (dominant upstream): page 410 (41000/522555)
  GBnPzv (dominant upstream): page 411 (41100/522555)
  GBnPzv (dominant upstream): page 412 (41200/522555)
  GBnPzv (dominant upstream): page 413 (41300/522555)
  GBnPzv (dominant upstream): page 414 (41400/522555)
  GBnPzv (dominant upstream): page 415 (41500/522555)
  GBnPzv (dominant upstream): page 416 (41600/522555)
  GBnPzv (dominant upstream): page 417 (41700/522555)
  GBnPzv (dominant upstream): page 418 (41800/522555)
  GBnPzv (dominant upstream): page 419 (41900/522555)
  GBnPzv (dominant upstream): page 420 (42000/522555)
  GBnPzv (dominant upstream): page 421 (42100/522555)
  GBnPzv (dominant upstream): page 422 (42200/522555)
  GBnPzv (dominant upstream): page 423 (42300/522555)
  GBnPzv (dominant upstream): page 424 (42400/522555)
  GBnPzv (dominant upstream): page 425 (42500/522555)
  GBnPzv (dominant upstream): page 426 (42600/522555)
  GBnPzv (dominant upstream): page 427 (42700/522555)
  GBnPzv (dominant upstream): page 428 (42800/522555)
  GBnPzv (dominant upstream): page 429 (42900/522555)
  GBnPzv (dominant upstream): page 430 (43000/522557)
  GBnPzv (dominant upstream): page 431 (43100/522557)
  GBnPzv (dominant upstream): page 432 (43200/522559)
  GBnPzv (dominant upstream): page 433 (43300/522559)
  GBnPzv (dominant upstream): page 434 (43400/522559)
  GBnPzv (dominant upstream): page 435 (43500/522559)
  GBnPzv (dominant upstream): page 436 (43600/522559)
  GBnPzv (dominant upstream): page 437 (43700/522559)
  GBnPzv (dominant upstream): page 438 (43800/522559)
  GBnPzv (dominant upstream): page 439 (43900/522559)
  GBnPzv (dominant upstream): page 440 (44000/522559)
  GBnPzv (dominant upstream): page 441 (44100/522559)
  GBnPzv (dominant upstream): page 442 (44200/522559)
  GBnPzv (dominant upstream): page 443 (44300/522559)
  GBnPzv (dominant upstream): page 444 (44400/522559)
  GBnPzv (dominant upstream): page 445 (44500/522559)
  GBnPzv (dominant upstream): page 446 (44600/522559)
  GBnPzv (dominant upstream): page 447 (44700/522559)
  GBnPzv (dominant upstream): page 448 (44800/522559)
  GBnPzv (dominant upstream): page 449 (44900/522559)
  GBnPzv (dominant upstream): page 450 (45000/522559)
  GBnPzv (dominant upstream): page 451 (45100/522559)
  GBnPzv (dominant upstream): page 452 (45200/522559)
  GBnPzv (dominant upstream): page 453 (45300/522559)
  GBnPzv (dominant upstream): page 454 (45400/522559)
  GBnPzv (dominant upstream): page 455 (45500/522559)
  GBnPzv (dominant upstream): page 456 (45600/522559)
  GBnPzv (dominant upstream): page 457 (45700/522559)
  GBnPzv (dominant upstream): page 458 (45800/522559)
  GBnPzv (dominant upstream): page 459 (45900/522559)
  GBnPzv (dominant upstream): page 460 (46000/522559)
  GBnPzv (dominant upstream): page 461 (46100/522559)
  GBnPzv (dominant upstream): page 462 (46200/522559)
  GBnPzv (dominant upstream): page 463 (46300/522559)
  GBnPzv (dominant upstream): page 464 (46400/522559)
  GBnPzv (dominant upstream): page 465 (46500/522559)
  GBnPzv (dominant upstream): page 466 (46600/522559)
  GBnPzv (dominant upstream): page 467 (46700/522559)
  GBnPzv (dominant upstream): page 468 (46800/522559)
  GBnPzv (dominant upstream): page 469 (46900/522559)
  GBnPzv (dominant upstream): page 470 (47000/522559)
  GBnPzv (dominant upstream): page 471 (47100/522559)
  GBnPzv (dominant upstream): page 472 (47200/522559)
  GBnPzv (dominant upstream): page 473 (47300/522559)
  GBnPzv (dominant upstream): page 474 (47400/522559)
  GBnPzv (dominant upstream): page 475 (47500/522559)
  GBnPzv (dominant upstream): page 476 (47600/522559)
  GBnPzv (dominant upstream): page 477 (47700/522559)
  GBnPzv (dominant upstream): page 478 (47800/522559)
  GBnPzv (dominant upstream): page 479 (47900/522559)
  GBnPzv (dominant upstream): page 480 (48000/522559)
  GBnPzv (dominant upstream): page 481 (48100/522559)
  GBnPzv (dominant upstream): page 482 (48200/522559)
  GBnPzv (dominant upstream): page 483 (48300/522559)
  GBnPzv (dominant upstream): page 484 (48400/522559)
  GBnPzv (dominant upstream): page 485 (48500/522559)
  GBnPzv (dominant upstream): page 486 (48600/522559)
  GBnPzv (dominant upstream): page 487 (48700/522559)
  GBnPzv (dominant upstream): page 488 (48800/522559)
  GBnPzv (dominant upstream): page 489 (48900/522559)
  GBnPzv (dominant upstream): page 490 (49000/522559)
  GBnPzv (dominant upstream): page 491 (49100/522559)
  GBnPzv (dominant upstream): page 492 (49200/522559)
  GBnPzv (dominant upstream): page 493 (49300/522559)
  GBnPzv (dominant upstream): page 494 (49400/522559)
  GBnPzv (dominant upstream): page 495 (49500/522559)
  GBnPzv (dominant upstream): page 496 (49600/522559)
  GBnPzv (dominant upstream): page 497 (49700/522559)
  GBnPzv (dominant upstream): page 498 (49800/522559)
  GBnPzv (dominant upstream): page 499 (49900/522559)
  GBnPzv (dominant upstream): page 500 (50000/522559)
  → 12208 in (1,241,405.1 TAO) / 18890 out (1,198,522.0 TAO)

Fetching: CNChyk2 (FJMfoeUX sender) (5CNChyk2fnVgVSZD...)
  CNChyk2 (FJMfoeUX sender): page 1 (100/98870)
  CNChyk2 (FJMfoeUX sender): page 2 (200/98870)
  CNChyk2 (FJMfoeUX sender): page 3 (300/98870)
  CNChyk2 (FJMfoeUX sender): page 4 (400/98870)
  CNChyk2 (FJMfoeUX sender): page 5 (500/98870)
  CNChyk2 (FJMfoeUX sender): page 6 (600/98870)
  CNChyk2 (FJMfoeUX sender): page 7 (700/98870)
  CNChyk2 (FJMfoeUX sender): page 8 (800/98870)
  CNChyk2 (FJMfoeUX sender): page 9 (900/98870)
  CNChyk2 (FJMfoeUX sender): page 10 (1000/98870)
  CNChyk2 (FJMfoeUX sender): page 11 (1100/98870)
  CNChyk2 (FJMfoeUX sender): page 12 (1200/98870)
  CNChyk2 (FJMfoeUX sender): page 13 (1300/98870)
  CNChyk2 (FJMfoeUX sender): page 14 (1400/98870)
  CNChyk2 (FJMfoeUX sender): page 15 (1500/98870)
  CNChyk2 (FJMfoeUX sender): page 16 (1600/98870)
  CNChyk2 (FJMfoeUX sender): page 17 (1700/98870)
  CNChyk2 (FJMfoeUX sender): page 18 (1800/98870)
  CNChyk2 (FJMfoeUX sender): page 19 (1900/98870)
  CNChyk2 (FJMfoeUX sender): page 20 (2000/98870)
  CNChyk2 (FJMfoeUX sender): page 21 (2100/98870)
  CNChyk2 (FJMfoeUX sender): page 22 (2200/98870)
  CNChyk2 (FJMfoeUX sender): page 23 (2300/98870)
  CNChyk2 (FJMfoeUX sender): page 24 (2400/98870)
  CNChyk2 (FJMfoeUX sender): page 25 (2500/98870)
  CNChyk2 (FJMfoeUX sender): page 26 (2600/98870)
  CNChyk2 (FJMfoeUX sender): page 27 (2700/98870)
  CNChyk2 (FJMfoeUX sender): page 28 (2800/98870)
  CNChyk2 (FJMfoeUX sender): page 29 (2900/98870)
  CNChyk2 (FJMfoeUX sender): page 30 (3000/98870)
  CNChyk2 (FJMfoeUX sender): page 31 (3100/98870)
  CNChyk2 (FJMfoeUX sender): page 32 (3200/98870)
  CNChyk2 (FJMfoeUX sender): page 33 (3300/98870)
  CNChyk2 (FJMfoeUX sender): page 34 (3400/98870)
  CNChyk2 (FJMfoeUX sender): page 35 (3500/98870)
  CNChyk2 (FJMfoeUX sender): page 36 (3600/98870)
  CNChyk2 (FJMfoeUX sender): page 37 (3700/98870)
  CNChyk2 (FJMfoeUX sender): page 38 (3800/98870)
  CNChyk2 (FJMfoeUX sender): page 39 (3900/98870)
  CNChyk2 (FJMfoeUX sender): page 40 (4000/98870)
  CNChyk2 (FJMfoeUX sender): page 41 (4100/98870)
  CNChyk2 (FJMfoeUX sender): page 42 (4200/98870)
  CNChyk2 (FJMfoeUX sender): page 43 (4300/98870)
  CNChyk2 (FJMfoeUX sender): page 44 (4400/98870)
  CNChyk2 (FJMfoeUX sender): page 45 (4500/98870)
  CNChyk2 (FJMfoeUX sender): page 46 (4600/98870)
  CNChyk2 (FJMfoeUX sender): page 47 (4700/98870)
  CNChyk2 (FJMfoeUX sender): page 48 (4800/98870)
  CNChyk2 (FJMfoeUX sender): page 49 (4900/98870)
  CNChyk2 (FJMfoeUX sender): page 50 (5000/98870)
  CNChyk2 (FJMfoeUX sender): page 51 (5100/98870)
  CNChyk2 (FJMfoeUX sender): page 52 (5200/98870)
  CNChyk2 (FJMfoeUX sender): page 53 (5300/98870)
  CNChyk2 (FJMfoeUX sender): page 54 (5400/98870)
  CNChyk2 (FJMfoeUX sender): page 55 (5500/98870)
  CNChyk2 (FJMfoeUX sender): page 56 (5600/98870)
  CNChyk2 (FJMfoeUX sender): page 57 (5700/98870)
  CNChyk2 (FJMfoeUX sender): page 58 (5800/98870)
  CNChyk2 (FJMfoeUX sender): page 59 (5900/98870)
  CNChyk2 (FJMfoeUX sender): page 60 (6000/98870)
  CNChyk2 (FJMfoeUX sender): page 61 (6100/98870)
  CNChyk2 (FJMfoeUX sender): page 62 (6200/98870)
  CNChyk2 (FJMfoeUX sender): page 63 (6300/98870)
  CNChyk2 (FJMfoeUX sender): page 64 (6400/98870)
  CNChyk2 (FJMfoeUX sender): page 65 (6500/98870)
  CNChyk2 (FJMfoeUX sender): page 66 (6600/98870)
  CNChyk2 (FJMfoeUX sender): page 67 (6700/98870)
  CNChyk2 (FJMfoeUX sender): page 68 (6800/98870)
  CNChyk2 (FJMfoeUX sender): page 69 (6900/98870)
  CNChyk2 (FJMfoeUX sender): page 70 (7000/98870)
  CNChyk2 (FJMfoeUX sender): page 71 (7100/98870)
  CNChyk2 (FJMfoeUX sender): page 72 (7200/98870)
  CNChyk2 (FJMfoeUX sender): page 73 (7300/98870)
  CNChyk2 (FJMfoeUX sender): page 74 (7400/98870)
  CNChyk2 (FJMfoeUX sender): page 75 (7500/98870)
  CNChyk2 (FJMfoeUX sender): page 76 (7600/98870)
  CNChyk2 (FJMfoeUX sender): page 77 (7700/98870)
  CNChyk2 (FJMfoeUX sender): page 78 (7800/98870)
  CNChyk2 (FJMfoeUX sender): page 79 (7900/98870)
  CNChyk2 (FJMfoeUX sender): page 80 (8000/98870)
  CNChyk2 (FJMfoeUX sender): page 81 (8100/98870)
  CNChyk2 (FJMfoeUX sender): page 82 (8200/98870)
  CNChyk2 (FJMfoeUX sender): page 83 (8300/98870)
  CNChyk2 (FJMfoeUX sender): page 84 (8400/98870)
  CNChyk2 (FJMfoeUX sender): page 85 (8500/98870)
  CNChyk2 (FJMfoeUX sender): page 86 (8600/98870)
  CNChyk2 (FJMfoeUX sender): page 87 (8700/98870)
  CNChyk2 (FJMfoeUX sender): page 88 (8800/98870)
  CNChyk2 (FJMfoeUX sender): page 89 (8900/98870)
  CNChyk2 (FJMfoeUX sender): page 90 (9000/98870)
  CNChyk2 (FJMfoeUX sender): page 91 (9100/98870)
  CNChyk2 (FJMfoeUX sender): page 92 (9200/98870)
  CNChyk2 (FJMfoeUX sender): page 93 (9300/98870)
  CNChyk2 (FJMfoeUX sender): page 94 (9400/98870)
  CNChyk2 (FJMfoeUX sender): page 95 (9500/98870)
  CNChyk2 (FJMfoeUX sender): page 96 (9600/98870)
  CNChyk2 (FJMfoeUX sender): page 97 (9700/98870)
  CNChyk2 (FJMfoeUX sender): page 98 (9800/98870)
  CNChyk2 (FJMfoeUX sender): page 99 (9900/98870)
  CNChyk2 (FJMfoeUX sender): page 100 (10000/98870)
  CNChyk2 (FJMfoeUX sender): page 101 (10100/98870)
  CNChyk2 (FJMfoeUX sender): page 102 (10200/98870)
  CNChyk2 (FJMfoeUX sender): page 103 (10300/98870)
  CNChyk2 (FJMfoeUX sender): page 104 (10400/98870)
  CNChyk2 (FJMfoeUX sender): page 105 (10500/98870)
  CNChyk2 (FJMfoeUX sender): page 106 (10600/98870)
  CNChyk2 (FJMfoeUX sender): page 107 (10700/98870)
  CNChyk2 (FJMfoeUX sender): page 108 (10800/98870)
  CNChyk2 (FJMfoeUX sender): page 109 (10900/98870)
  CNChyk2 (FJMfoeUX sender): page 110 (11000/98870)
  CNChyk2 (FJMfoeUX sender): page 111 (11100/98870)
  CNChyk2 (FJMfoeUX sender): page 112 (11200/98870)
  CNChyk2 (FJMfoeUX sender): page 113 (11300/98870)
  CNChyk2 (FJMfoeUX sender): page 114 (11400/98870)
  CNChyk2 (FJMfoeUX sender): page 115 (11500/98870)
  CNChyk2 (FJMfoeUX sender): page 116 (11600/98870)
  CNChyk2 (FJMfoeUX sender): page 117 (11700/98870)
  CNChyk2 (FJMfoeUX sender): page 118 (11800/98870)
  CNChyk2 (FJMfoeUX sender): page 119 (11900/98870)
  CNChyk2 (FJMfoeUX sender): page 120 (12000/98870)
  CNChyk2 (FJMfoeUX sender): page 121 (12100/98870)
  CNChyk2 (FJMfoeUX sender): page 122 (12200/98870)
  CNChyk2 (FJMfoeUX sender): page 123 (12300/98870)
  CNChyk2 (FJMfoeUX sender): page 124 (12400/98870)
  CNChyk2 (FJMfoeUX sender): page 125 (12500/98870)
  CNChyk2 (FJMfoeUX sender): page 126 (12600/98870)
  CNChyk2 (FJMfoeUX sender): page 127 (12700/98870)
  CNChyk2 (FJMfoeUX sender): page 128 (12800/98870)
  CNChyk2 (FJMfoeUX sender): page 129 (12900/98870)
  CNChyk2 (FJMfoeUX sender): page 130 (13000/98870)
  CNChyk2 (FJMfoeUX sender): page 131 (13100/98870)
  CNChyk2 (FJMfoeUX sender): page 132 (13200/98870)
  CNChyk2 (FJMfoeUX sender): page 133 (13300/98870)
  CNChyk2 (FJMfoeUX sender): page 134 (13400/98870)
  CNChyk2 (FJMfoeUX sender): page 135 (13500/98870)
  CNChyk2 (FJMfoeUX sender): page 136 (13600/98870)
  CNChyk2 (FJMfoeUX sender): page 137 (13700/98870)
  CNChyk2 (FJMfoeUX sender): page 138 (13800/98870)
  CNChyk2 (FJMfoeUX sender): page 139 (13900/98870)
  CNChyk2 (FJMfoeUX sender): page 140 (14000/98870)
  CNChyk2 (FJMfoeUX sender): page 141 (14100/98870)
  CNChyk2 (FJMfoeUX sender): page 142 (14200/98870)
  CNChyk2 (FJMfoeUX sender): page 143 (14300/98870)
  CNChyk2 (FJMfoeUX sender): page 144 (14400/98870)
  CNChyk2 (FJMfoeUX sender): page 145 (14500/98870)
  CNChyk2 (FJMfoeUX sender): page 146 (14600/98870)
  CNChyk2 (FJMfoeUX sender): page 147 (14700/98870)
  CNChyk2 (FJMfoeUX sender): page 148 (14800/98870)
  CNChyk2 (FJMfoeUX sender): page 149 (14900/98870)
  CNChyk2 (FJMfoeUX sender): page 150 (15000/98870)
  CNChyk2 (FJMfoeUX sender): page 151 (15100/98870)
  CNChyk2 (FJMfoeUX sender): page 152 (15200/98870)
  CNChyk2 (FJMfoeUX sender): page 153 (15300/98870)
  CNChyk2 (FJMfoeUX sender): page 154 (15400/98870)
  CNChyk2 (FJMfoeUX sender): page 155 (15500/98870)
  CNChyk2 (FJMfoeUX sender): page 156 (15600/98870)
  CNChyk2 (FJMfoeUX sender): page 157 (15700/98870)
  CNChyk2 (FJMfoeUX sender): page 158 (15800/98870)
  CNChyk2 (FJMfoeUX sender): page 159 (15900/98870)
  CNChyk2 (FJMfoeUX sender): page 160 (16000/98870)
  CNChyk2 (FJMfoeUX sender): page 161 (16100/98870)
  CNChyk2 (FJMfoeUX sender): page 162 (16200/98870)
  CNChyk2 (FJMfoeUX sender): page 163 (16300/98870)
  CNChyk2 (FJMfoeUX sender): page 164 (16400/98870)
  CNChyk2 (FJMfoeUX sender): page 165 (16500/98870)
  CNChyk2 (FJMfoeUX sender): page 166 (16600/98870)
  CNChyk2 (FJMfoeUX sender): page 167 (16700/98870)
  CNChyk2 (FJMfoeUX sender): page 168 (16800/98870)
  CNChyk2 (FJMfoeUX sender): page 169 (16900/98870)
  CNChyk2 (FJMfoeUX sender): page 170 (17000/98870)
  CNChyk2 (FJMfoeUX sender): page 171 (17100/98870)
  CNChyk2 (FJMfoeUX sender): page 172 (17200/98870)
  CNChyk2 (FJMfoeUX sender): page 173 (17300/98870)
  CNChyk2 (FJMfoeUX sender): page 174 (17400/98870)
  CNChyk2 (FJMfoeUX sender): page 175 (17500/98870)
  CNChyk2 (FJMfoeUX sender): page 176 (17600/98870)
  CNChyk2 (FJMfoeUX sender): page 177 (17700/98870)
  CNChyk2 (FJMfoeUX sender): page 178 (17800/98870)
  CNChyk2 (FJMfoeUX sender): page 179 (17900/98870)
  CNChyk2 (FJMfoeUX sender): page 180 (18000/98870)
  CNChyk2 (FJMfoeUX sender): page 181 (18100/98870)
  CNChyk2 (FJMfoeUX sender): page 182 (18200/98870)
  CNChyk2 (FJMfoeUX sender): page 183 (18300/98870)
  CNChyk2 (FJMfoeUX sender): page 184 (18400/98870)
  CNChyk2 (FJMfoeUX sender): page 185 (18500/98870)
  CNChyk2 (FJMfoeUX sender): page 186 (18600/98870)
  CNChyk2 (FJMfoeUX sender): page 187 (18700/98870)
  CNChyk2 (FJMfoeUX sender): page 188 (18800/98870)
  CNChyk2 (FJMfoeUX sender): page 189 (18900/98870)
  CNChyk2 (FJMfoeUX sender): page 190 (19000/98870)
  CNChyk2 (FJMfoeUX sender): page 191 (19100/98870)
  CNChyk2 (FJMfoeUX sender): page 192 (19200/98870)
  CNChyk2 (FJMfoeUX sender): page 193 (19300/98870)
  CNChyk2 (FJMfoeUX sender): page 194 (19400/98870)
  CNChyk2 (FJMfoeUX sender): page 195 (19500/98870)
  CNChyk2 (FJMfoeUX sender): page 196 (19600/98870)
  CNChyk2 (FJMfoeUX sender): page 197 (19700/98870)
  CNChyk2 (FJMfoeUX sender): page 198 (19800/98870)
  CNChyk2 (FJMfoeUX sender): page 199 (19900/98870)
  CNChyk2 (FJMfoeUX sender): page 200 (20000/98870)
  CNChyk2 (FJMfoeUX sender): page 201 (20100/98870)
  CNChyk2 (FJMfoeUX sender): page 202 (20200/98870)
  CNChyk2 (FJMfoeUX sender): page 203 (20300/98870)
  CNChyk2 (FJMfoeUX sender): page 204 (20400/98870)
  CNChyk2 (FJMfoeUX sender): page 205 (20500/98870)
  CNChyk2 (FJMfoeUX sender): page 206 (20600/98870)
  CNChyk2 (FJMfoeUX sender): page 207 (20700/98870)
  CNChyk2 (FJMfoeUX sender): page 208 (20800/98870)
  CNChyk2 (FJMfoeUX sender): page 209 (20900/98870)
  CNChyk2 (FJMfoeUX sender): page 210 (21000/98870)
  CNChyk2 (FJMfoeUX sender): page 211 (21100/98870)
  CNChyk2 (FJMfoeUX sender): page 212 (21200/98870)
  CNChyk2 (FJMfoeUX sender): page 213 (21300/98870)
  CNChyk2 (FJMfoeUX sender): page 214 (21400/98870)
  CNChyk2 (FJMfoeUX sender): page 215 (21500/98870)
  CNChyk2 (FJMfoeUX sender): page 216 (21600/98870)
  CNChyk2 (FJMfoeUX sender): page 217 (21700/98870)
  CNChyk2 (FJMfoeUX sender): page 218 (21800/98870)
  CNChyk2 (FJMfoeUX sender): page 219 (21900/98870)
  CNChyk2 (FJMfoeUX sender): page 220 (22000/98870)
  CNChyk2 (FJMfoeUX sender): page 221 (22100/98870)
  CNChyk2 (FJMfoeUX sender): page 222 (22200/98870)
  CNChyk2 (FJMfoeUX sender): page 223 (22300/98870)
  CNChyk2 (FJMfoeUX sender): page 224 (22400/98870)
  CNChyk2 (FJMfoeUX sender): page 225 (22500/98870)
  CNChyk2 (FJMfoeUX sender): page 226 (22600/98870)
  CNChyk2 (FJMfoeUX sender): page 227 (22700/98870)
  CNChyk2 (FJMfoeUX sender): page 228 (22800/98870)
  CNChyk2 (FJMfoeUX sender): page 229 (22900/98870)
  CNChyk2 (FJMfoeUX sender): page 230 (23000/98870)
  CNChyk2 (FJMfoeUX sender): page 231 (23100/98870)
  CNChyk2 (FJMfoeUX sender): page 232 (23200/98870)
  CNChyk2 (FJMfoeUX sender): page 233 (23300/98870)
  CNChyk2 (FJMfoeUX sender): page 234 (23400/98870)
  CNChyk2 (FJMfoeUX sender): page 235 (23500/98870)
  CNChyk2 (FJMfoeUX sender): page 236 (23600/98870)
  CNChyk2 (FJMfoeUX sender): page 237 (23700/98870)
  CNChyk2 (FJMfoeUX sender): page 238 (23800/98870)
  CNChyk2 (FJMfoeUX sender): page 239 (23900/98870)
  CNChyk2 (FJMfoeUX sender): page 240 (24000/98870)
  CNChyk2 (FJMfoeUX sender): page 241 (24100/98870)
  CNChyk2 (FJMfoeUX sender): page 242 (24200/98870)
  CNChyk2 (FJMfoeUX sender): page 243 (24300/98870)
  CNChyk2 (FJMfoeUX sender): page 244 (24400/98870)
  CNChyk2 (FJMfoeUX sender): page 245 (24500/98870)
  CNChyk2 (FJMfoeUX sender): page 246 (24600/98870)
  CNChyk2 (FJMfoeUX sender): page 247 (24700/98870)
  CNChyk2 (FJMfoeUX sender): page 248 (24800/98870)
  CNChyk2 (FJMfoeUX sender): page 249 (24900/98870)
  CNChyk2 (FJMfoeUX sender): page 250 (25000/98870)
  CNChyk2 (FJMfoeUX sender): page 251 (25100/98870)
  CNChyk2 (FJMfoeUX sender): page 252 (25200/98870)
  CNChyk2 (FJMfoeUX sender): page 253 (25300/98870)
  CNChyk2 (FJMfoeUX sender): page 254 (25400/98870)
  CNChyk2 (FJMfoeUX sender): page 255 (25500/98870)
  CNChyk2 (FJMfoeUX sender): page 256 (25600/98870)
  CNChyk2 (FJMfoeUX sender): page 257 (25700/98870)
  CNChyk2 (FJMfoeUX sender): page 258 (25800/98870)
  CNChyk2 (FJMfoeUX sender): page 259 (25900/98870)
  CNChyk2 (FJMfoeUX sender): page 260 (26000/98870)
  CNChyk2 (FJMfoeUX sender): page 261 (26100/98870)
  CNChyk2 (FJMfoeUX sender): page 262 (26200/98870)
  CNChyk2 (FJMfoeUX sender): page 263 (26300/98870)
  CNChyk2 (FJMfoeUX sender): page 264 (26400/98870)
  CNChyk2 (FJMfoeUX sender): page 265 (26500/98870)
  CNChyk2 (FJMfoeUX sender): page 266 (26600/98870)
  CNChyk2 (FJMfoeUX sender): page 267 (26700/98870)
  CNChyk2 (FJMfoeUX sender): page 268 (26800/98870)
  CNChyk2 (FJMfoeUX sender): page 269 (26900/98870)
  CNChyk2 (FJMfoeUX sender): page 270 (27000/98870)
  CNChyk2 (FJMfoeUX sender): page 271 (27100/98870)
  CNChyk2 (FJMfoeUX sender): page 272 (27200/98870)
  CNChyk2 (FJMfoeUX sender): page 273 (27300/98870)
  CNChyk2 (FJMfoeUX sender): page 274 (27400/98870)
  CNChyk2 (FJMfoeUX sender): page 275 (27500/98870)
  CNChyk2 (FJMfoeUX sender): page 276 (27600/98870)
  CNChyk2 (FJMfoeUX sender): page 277 (27700/98870)
  CNChyk2 (FJMfoeUX sender): page 278 (27800/98870)
  CNChyk2 (FJMfoeUX sender): page 279 (27900/98870)
  CNChyk2 (FJMfoeUX sender): page 280 (28000/98870)
  CNChyk2 (FJMfoeUX sender): page 281 (28100/98870)
  CNChyk2 (FJMfoeUX sender): page 282 (28200/98870)
  CNChyk2 (FJMfoeUX sender): page 283 (28300/98870)
  CNChyk2 (FJMfoeUX sender): page 284 (28400/98870)
  CNChyk2 (FJMfoeUX sender): page 285 (28500/98870)
  CNChyk2 (FJMfoeUX sender): page 286 (28600/98870)
  CNChyk2 (FJMfoeUX sender): page 287 (28700/98870)
  CNChyk2 (FJMfoeUX sender): page 288 (28800/98870)
  CNChyk2 (FJMfoeUX sender): page 289 (28900/98870)
  CNChyk2 (FJMfoeUX sender): page 290 (29000/98870)
  CNChyk2 (FJMfoeUX sender): page 291 (29100/98870)
  CNChyk2 (FJMfoeUX sender): page 292 (29200/98870)
  CNChyk2 (FJMfoeUX sender): page 293 (29300/98870)
  CNChyk2 (FJMfoeUX sender): page 294 (29400/98870)
  CNChyk2 (FJMfoeUX sender): page 295 (29500/98870)
  CNChyk2 (FJMfoeUX sender): page 296 (29600/98870)
  CNChyk2 (FJMfoeUX sender): page 297 (29700/98870)
  CNChyk2 (FJMfoeUX sender): page 298 (29800/98870)
  CNChyk2 (FJMfoeUX sender): page 299 (29900/98870)
  CNChyk2 (FJMfoeUX sender): page 300 (30000/98870)
  CNChyk2 (FJMfoeUX sender): page 301 (30100/98870)
  CNChyk2 (FJMfoeUX sender): page 302 (30200/98870)
  CNChyk2 (FJMfoeUX sender): page 303 (30300/98870)
  CNChyk2 (FJMfoeUX sender): page 304 (30400/98870)
  CNChyk2 (FJMfoeUX sender): page 305 (30500/98870)
  CNChyk2 (FJMfoeUX sender): page 306 (30600/98870)
  CNChyk2 (FJMfoeUX sender): page 307 (30700/98870)
  CNChyk2 (FJMfoeUX sender): page 308 (30800/98870)
  CNChyk2 (FJMfoeUX sender): page 309 (30900/98870)
  CNChyk2 (FJMfoeUX sender): page 310 (31000/98870)
  CNChyk2 (FJMfoeUX sender): page 311 (31100/98870)
  CNChyk2 (FJMfoeUX sender): page 312 (31200/98870)
  CNChyk2 (FJMfoeUX sender): page 313 (31300/98870)
  CNChyk2 (FJMfoeUX sender): page 314 (31400/98870)
  CNChyk2 (FJMfoeUX sender): page 315 (31500/98870)
  CNChyk2 (FJMfoeUX sender): page 316 (31600/98870)
  CNChyk2 (FJMfoeUX sender): page 317 (31700/98870)
  CNChyk2 (FJMfoeUX sender): page 318 (31800/98870)
  CNChyk2 (FJMfoeUX sender): page 319 (31900/98870)
  CNChyk2 (FJMfoeUX sender): page 320 (32000/98870)
  CNChyk2 (FJMfoeUX sender): page 321 (32100/98870)
  CNChyk2 (FJMfoeUX sender): page 322 (32200/98870)
  CNChyk2 (FJMfoeUX sender): page 323 (32300/98870)
  CNChyk2 (FJMfoeUX sender): page 324 (32400/98870)
  CNChyk2 (FJMfoeUX sender): page 325 (32500/98870)
  CNChyk2 (FJMfoeUX sender): page 326 (32600/98870)
  CNChyk2 (FJMfoeUX sender): page 327 (32700/98870)
  CNChyk2 (FJMfoeUX sender): page 328 (32800/98870)
  CNChyk2 (FJMfoeUX sender): page 329 (32900/98870)
  CNChyk2 (FJMfoeUX sender): page 330 (33000/98870)
  CNChyk2 (FJMfoeUX sender): page 331 (33100/98870)
  CNChyk2 (FJMfoeUX sender): page 332 (33200/98870)
  CNChyk2 (FJMfoeUX sender): page 333 (33300/98870)
  CNChyk2 (FJMfoeUX sender): page 334 (33400/98870)
  CNChyk2 (FJMfoeUX sender): page 335 (33500/98870)
  CNChyk2 (FJMfoeUX sender): page 336 (33600/98870)
  CNChyk2 (FJMfoeUX sender): page 337 (33700/98870)
  CNChyk2 (FJMfoeUX sender): page 338 (33800/98870)
  CNChyk2 (FJMfoeUX sender): page 339 (33900/98870)
  CNChyk2 (FJMfoeUX sender): page 340 (34000/98870)
  CNChyk2 (FJMfoeUX sender): page 341 (34100/98870)
  CNChyk2 (FJMfoeUX sender): page 342 (34200/98870)
  CNChyk2 (FJMfoeUX sender): page 343 (34300/98870)
  CNChyk2 (FJMfoeUX sender): page 344 (34400/98870)
  CNChyk2 (FJMfoeUX sender): page 345 (34500/98870)
  CNChyk2 (FJMfoeUX sender): page 346 (34600/98870)
  CNChyk2 (FJMfoeUX sender): page 347 (34700/98870)
  CNChyk2 (FJMfoeUX sender): page 348 (34800/98870)
  CNChyk2 (FJMfoeUX sender): page 349 (34900/98870)
  CNChyk2 (FJMfoeUX sender): page 350 (35000/98870)
  CNChyk2 (FJMfoeUX sender): page 351 (35100/98870)
  CNChyk2 (FJMfoeUX sender): page 352 (35200/98870)
  CNChyk2 (FJMfoeUX sender): page 353 (35300/98870)
  CNChyk2 (FJMfoeUX sender): page 354 (35400/98870)
  CNChyk2 (FJMfoeUX sender): page 355 (35500/98870)
  CNChyk2 (FJMfoeUX sender): page 356 (35600/98870)
  CNChyk2 (FJMfoeUX sender): page 357 (35700/98870)
  CNChyk2 (FJMfoeUX sender): page 358 (35800/98870)
  CNChyk2 (FJMfoeUX sender): page 359 (35900/98870)
  CNChyk2 (FJMfoeUX sender): page 360 (36000/98870)
  CNChyk2 (FJMfoeUX sender): page 361 (36100/98870)
  CNChyk2 (FJMfoeUX sender): page 362 (36200/98870)
  CNChyk2 (FJMfoeUX sender): page 363 (36300/98870)
  CNChyk2 (FJMfoeUX sender): page 364 (36400/98870)
  CNChyk2 (FJMfoeUX sender): page 365 (36500/98870)
  CNChyk2 (FJMfoeUX sender): page 366 (36600/98870)
  CNChyk2 (FJMfoeUX sender): page 367 (36700/98870)
  CNChyk2 (FJMfoeUX sender): page 368 (36800/98870)
  CNChyk2 (FJMfoeUX sender): page 369 (36900/98870)
  CNChyk2 (FJMfoeUX sender): page 370 (37000/98870)
  CNChyk2 (FJMfoeUX sender): page 371 (37100/98870)
  CNChyk2 (FJMfoeUX sender): page 372 (37200/98870)
  CNChyk2 (FJMfoeUX sender): page 373 (37300/98870)
  CNChyk2 (FJMfoeUX sender): page 374 (37400/98870)
  CNChyk2 (FJMfoeUX sender): page 375 (37500/98870)
  CNChyk2 (FJMfoeUX sender): page 376 (37600/98870)
  CNChyk2 (FJMfoeUX sender): page 377 (37700/98870)
  CNChyk2 (FJMfoeUX sender): page 378 (37800/98870)
  CNChyk2 (FJMfoeUX sender): page 379 (37900/98870)
  CNChyk2 (FJMfoeUX sender): page 380 (38000/98870)
  CNChyk2 (FJMfoeUX sender): page 381 (38100/98870)
  CNChyk2 (FJMfoeUX sender): page 382 (38200/98870)
  CNChyk2 (FJMfoeUX sender): page 383 (38300/98870)
  CNChyk2 (FJMfoeUX sender): page 384 (38400/98870)
  CNChyk2 (FJMfoeUX sender): page 385 (38500/98870)
  CNChyk2 (FJMfoeUX sender): page 386 (38600/98870)
  CNChyk2 (FJMfoeUX sender): page 387 (38700/98870)
  CNChyk2 (FJMfoeUX sender): page 388 (38800/98870)
  CNChyk2 (FJMfoeUX sender): page 389 (38900/98870)
  CNChyk2 (FJMfoeUX sender): page 390 (39000/98870)
  CNChyk2 (FJMfoeUX sender): page 391 (39100/98870)
  CNChyk2 (FJMfoeUX sender): page 392 (39200/98870)
  CNChyk2 (FJMfoeUX sender): page 393 (39300/98870)
  CNChyk2 (FJMfoeUX sender): page 394 (39400/98870)
  CNChyk2 (FJMfoeUX sender): page 395 (39500/98870)
  CNChyk2 (FJMfoeUX sender): page 396 (39600/98870)
  CNChyk2 (FJMfoeUX sender): page 397 (39700/98870)
  CNChyk2 (FJMfoeUX sender): page 398 (39800/98870)
  CNChyk2 (FJMfoeUX sender): page 399 (39900/98870)
  CNChyk2 (FJMfoeUX sender): page 400 (40000/98870)
  CNChyk2 (FJMfoeUX sender): page 401 (40100/98870)
  CNChyk2 (FJMfoeUX sender): page 402 (40200/98870)
  CNChyk2 (FJMfoeUX sender): page 403 (40300/98870)
  CNChyk2 (FJMfoeUX sender): page 404 (40400/98870)
  CNChyk2 (FJMfoeUX sender): page 405 (40500/98870)
  CNChyk2 (FJMfoeUX sender): page 406 (40600/98870)
  CNChyk2 (FJMfoeUX sender): page 407 (40700/98870)
  CNChyk2 (FJMfoeUX sender): page 408 (40800/98870)
  CNChyk2 (FJMfoeUX sender): page 409 (40900/98870)
  CNChyk2 (FJMfoeUX sender): page 410 (41000/98870)
  CNChyk2 (FJMfoeUX sender): page 411 (41100/98870)
  CNChyk2 (FJMfoeUX sender): page 412 (41200/98870)
  CNChyk2 (FJMfoeUX sender): page 413 (41300/98870)
  CNChyk2 (FJMfoeUX sender): page 414 (41400/98870)
  CNChyk2 (FJMfoeUX sender): page 415 (41500/98870)
  CNChyk2 (FJMfoeUX sender): page 416 (41600/98870)
  CNChyk2 (FJMfoeUX sender): page 417 (41700/98870)
  CNChyk2 (FJMfoeUX sender): page 418 (41800/98870)
  CNChyk2 (FJMfoeUX sender): page 419 (41900/98870)
  CNChyk2 (FJMfoeUX sender): page 420 (42000/98870)
  CNChyk2 (FJMfoeUX sender): page 421 (42100/98870)
  CNChyk2 (FJMfoeUX sender): page 422 (42200/98870)
  CNChyk2 (FJMfoeUX sender): page 423 (42300/98870)
  CNChyk2 (FJMfoeUX sender): page 424 (42400/98870)
  CNChyk2 (FJMfoeUX sender): page 425 (42500/98870)
  CNChyk2 (FJMfoeUX sender): page 426 (42600/98870)
  CNChyk2 (FJMfoeUX sender): page 427 (42700/98870)
  CNChyk2 (FJMfoeUX sender): page 428 (42800/98870)
  CNChyk2 (FJMfoeUX sender): page 429 (42900/98870)
  CNChyk2 (FJMfoeUX sender): page 430 (43000/98870)
  CNChyk2 (FJMfoeUX sender): page 431 (43100/98870)
  CNChyk2 (FJMfoeUX sender): page 432 (43200/98870)
  CNChyk2 (FJMfoeUX sender): page 433 (43300/98870)
  CNChyk2 (FJMfoeUX sender): page 434 (43400/98870)
  CNChyk2 (FJMfoeUX sender): page 435 (43500/98870)
  CNChyk2 (FJMfoeUX sender): page 436 (43600/98870)
  CNChyk2 (FJMfoeUX sender): page 437 (43700/98870)
  CNChyk2 (FJMfoeUX sender): page 438 (43800/98870)
  CNChyk2 (FJMfoeUX sender): page 439 (43900/98870)
  CNChyk2 (FJMfoeUX sender): page 440 (44000/98870)
  CNChyk2 (FJMfoeUX sender): page 441 (44100/98870)
  CNChyk2 (FJMfoeUX sender): page 442 (44200/98870)
  CNChyk2 (FJMfoeUX sender): page 443 (44300/98870)
  CNChyk2 (FJMfoeUX sender): page 444 (44400/98870)
  CNChyk2 (FJMfoeUX sender): page 445 (44500/98870)
  CNChyk2 (FJMfoeUX sender): page 446 (44600/98870)
  CNChyk2 (FJMfoeUX sender): page 447 (44700/98870)
  CNChyk2 (FJMfoeUX sender): page 448 (44800/98870)
  CNChyk2 (FJMfoeUX sender): page 449 (44900/98870)
  CNChyk2 (FJMfoeUX sender): page 450 (45000/98870)
  CNChyk2 (FJMfoeUX sender): page 451 (45100/98870)
  CNChyk2 (FJMfoeUX sender): page 452 (45200/98870)
  CNChyk2 (FJMfoeUX sender): page 453 (45300/98870)
  CNChyk2 (FJMfoeUX sender): page 454 (45400/98870)
  CNChyk2 (FJMfoeUX sender): page 455 (45500/98870)
  CNChyk2 (FJMfoeUX sender): page 456 (45600/98870)
  CNChyk2 (FJMfoeUX sender): page 457 (45700/98870)
  CNChyk2 (FJMfoeUX sender): page 458 (45800/98870)
  CNChyk2 (FJMfoeUX sender): page 459 (45900/98870)
  CNChyk2 (FJMfoeUX sender): page 460 (46000/98870)
  CNChyk2 (FJMfoeUX sender): page 461 (46100/98870)
  CNChyk2 (FJMfoeUX sender): page 462 (46200/98870)
  CNChyk2 (FJMfoeUX sender): page 463 (46300/98870)
  CNChyk2 (FJMfoeUX sender): page 464 (46400/98870)
  CNChyk2 (FJMfoeUX sender): page 465 (46500/98870)
  CNChyk2 (FJMfoeUX sender): page 466 (46600/98870)
  CNChyk2 (FJMfoeUX sender): page 467 (46700/98870)
  CNChyk2 (FJMfoeUX sender): page 468 (46800/98870)
  CNChyk2 (FJMfoeUX sender): page 469 (46900/98870)
  CNChyk2 (FJMfoeUX sender): page 470 (47000/98870)
  CNChyk2 (FJMfoeUX sender): page 471 (47100/98870)
  CNChyk2 (FJMfoeUX sender): page 472 (47200/98870)
  CNChyk2 (FJMfoeUX sender): page 473 (47300/98870)
  CNChyk2 (FJMfoeUX sender): page 474 (47400/98870)
  CNChyk2 (FJMfoeUX sender): page 475 (47500/98870)
  CNChyk2 (FJMfoeUX sender): page 476 (47600/98870)
  CNChyk2 (FJMfoeUX sender): page 477 (47700/98870)
  CNChyk2 (FJMfoeUX sender): page 478 (47800/98870)
  CNChyk2 (FJMfoeUX sender): page 479 (47900/98870)
  CNChyk2 (FJMfoeUX sender): page 480 (48000/98870)
  CNChyk2 (FJMfoeUX sender): page 481 (48100/98870)
  CNChyk2 (FJMfoeUX sender): page 482 (48200/98870)
  CNChyk2 (FJMfoeUX sender): page 483 (48300/98870)
  CNChyk2 (FJMfoeUX sender): page 484 (48400/98870)
  CNChyk2 (FJMfoeUX sender): page 485 (48500/98870)
  CNChyk2 (FJMfoeUX sender): page 486 (48600/98870)
  CNChyk2 (FJMfoeUX sender): page 487 (48700/98870)
  CNChyk2 (FJMfoeUX sender): page 488 (48800/98870)
  CNChyk2 (FJMfoeUX sender): page 489 (48900/98870)
  CNChyk2 (FJMfoeUX sender): page 490 (49000/98870)
  CNChyk2 (FJMfoeUX sender): page 491 (49100/98870)
  CNChyk2 (FJMfoeUX sender): page 492 (49200/98870)
  CNChyk2 (FJMfoeUX sender): page 493 (49300/98870)
  CNChyk2 (FJMfoeUX sender): page 494 (49400/98870)
  CNChyk2 (FJMfoeUX sender): page 495 (49500/98870)
  CNChyk2 (FJMfoeUX sender): page 496 (49600/98870)
  CNChyk2 (FJMfoeUX sender): page 497 (49700/98870)
  CNChyk2 (FJMfoeUX sender): page 498 (49800/98870)
  CNChyk2 (FJMfoeUX sender): page 499 (49900/98870)
  CNChyk2 (FJMfoeUX sender): page 500 (50000/98870)
  → 13574 in (1,346,974.2 TAO) / 18210 out (1,347,322.9 TAO)

Fetching: HbDZ6UL (dual feeder) (5HbDZ6ULuwZegAMS...)
  HbDZ6UL (dual feeder): page 1 (100/149811)
  HbDZ6UL (dual feeder): page 2 (200/149811)
  HbDZ6UL (dual feeder): page 3 (300/149811)
  HbDZ6UL (dual feeder): page 4 (400/149811)
  HbDZ6UL (dual feeder): page 5 (500/149811)
  HbDZ6UL (dual feeder): page 6 (600/149811)
  HbDZ6UL (dual feeder): page 7 (700/149811)
  HbDZ6UL (dual feeder): page 8 (800/149811)
  HbDZ6UL (dual feeder): page 9 (900/149811)
  HbDZ6UL (dual feeder): page 10 (1000/149811)
  HbDZ6UL (dual feeder): page 11 (1100/149811)
  HbDZ6UL (dual feeder): page 12 (1200/149811)
  HbDZ6UL (dual feeder): page 13 (1300/149811)
  HbDZ6UL (dual feeder): page 14 (1400/149811)
  HbDZ6UL (dual feeder): page 15 (1500/149811)
  HbDZ6UL (dual feeder): page 16 (1600/149811)
  HbDZ6UL (dual feeder): page 17 (1700/149811)
  HbDZ6UL (dual feeder): page 18 (1800/149811)
  HbDZ6UL (dual feeder): page 19 (1900/149811)
  HbDZ6UL (dual feeder): page 20 (2000/149811)
  HbDZ6UL (dual feeder): page 21 (2100/149812)
  HbDZ6UL (dual feeder): page 22 (2200/149812)
  HbDZ6UL (dual feeder): page 23 (2300/149812)
  HbDZ6UL (dual feeder): page 24 (2400/149812)
  HbDZ6UL (dual feeder): page 25 (2500/149812)
  HbDZ6UL (dual feeder): page 26 (2600/149812)
  HbDZ6UL (dual feeder): page 27 (2700/149812)
  HbDZ6UL (dual feeder): page 28 (2800/149812)
  HbDZ6UL (dual feeder): page 29 (2900/149812)
  HbDZ6UL (dual feeder): page 30 (3000/149812)
  HbDZ6UL (dual feeder): page 31 (3100/149812)
  HbDZ6UL (dual feeder): page 32 (3200/149812)
  HbDZ6UL (dual feeder): page 33 (3300/149812)
  HbDZ6UL (dual feeder): page 34 (3400/149812)
  HbDZ6UL (dual feeder): page 35 (3500/149812)
  HbDZ6UL (dual feeder): page 36 (3600/149812)
  HbDZ6UL (dual feeder): page 37 (3700/149812)
  HbDZ6UL (dual feeder): page 38 (3800/149812)
  HbDZ6UL (dual feeder): page 39 (3900/149812)
  HbDZ6UL (dual feeder): page 40 (4000/149812)
  HbDZ6UL (dual feeder): page 41 (4100/149812)
  HbDZ6UL (dual feeder): page 42 (4200/149812)
  HbDZ6UL (dual feeder): page 43 (4300/149812)
  HbDZ6UL (dual feeder): page 44 (4400/149812)
  HbDZ6UL (dual feeder): page 45 (4500/149812)
  HbDZ6UL (dual feeder): page 46 (4600/149812)
  HbDZ6UL (dual feeder): page 47 (4700/149812)
  HbDZ6UL (dual feeder): page 48 (4800/149812)
  HbDZ6UL (dual feeder): page 49 (4900/149812)
  HbDZ6UL (dual feeder): page 50 (5000/149812)
  HbDZ6UL (dual feeder): page 51 (5100/149812)
  HbDZ6UL (dual feeder): page 52 (5200/149812)
  HbDZ6UL (dual feeder): page 53 (5300/149812)
  HbDZ6UL (dual feeder): page 54 (5400/149812)
  HbDZ6UL (dual feeder): page 55 (5500/149812)
  HbDZ6UL (dual feeder): page 56 (5600/149812)
  HbDZ6UL (dual feeder): page 57 (5700/149812)
  HbDZ6UL (dual feeder): page 58 (5800/149812)
  HbDZ6UL (dual feeder): page 59 (5900/149812)
  HbDZ6UL (dual feeder): page 60 (6000/149812)
  HbDZ6UL (dual feeder): page 61 (6100/149813)
  HbDZ6UL (dual feeder): page 62 (6200/149813)
  HbDZ6UL (dual feeder): page 63 (6300/149813)
  HbDZ6UL (dual feeder): page 64 (6400/149813)
  HbDZ6UL (dual feeder): page 65 (6500/149814)
  HbDZ6UL (dual feeder): page 66 (6600/149814)
  HbDZ6UL (dual feeder): page 67 (6700/149814)
  HbDZ6UL (dual feeder): page 68 (6800/149814)
  HbDZ6UL (dual feeder): page 69 (6900/149814)
  HbDZ6UL (dual feeder): page 70 (7000/149814)
  HbDZ6UL (dual feeder): page 71 (7100/149814)
  HbDZ6UL (dual feeder): page 72 (7200/149814)
  HbDZ6UL (dual feeder): page 73 (7300/149814)
  HbDZ6UL (dual feeder): page 74 (7400/149814)
  HbDZ6UL (dual feeder): page 75 (7500/149814)
  HbDZ6UL (dual feeder): page 76 (7600/149816)
  HbDZ6UL (dual feeder): page 77 (7700/149816)
  HbDZ6UL (dual feeder): page 78 (7800/149816)
  HbDZ6UL (dual feeder): page 79 (7900/149816)
  HbDZ6UL (dual feeder): page 80 (8000/149816)
  HbDZ6UL (dual feeder): page 81 (8100/149816)
  HbDZ6UL (dual feeder): page 82 (8200/149816)
  HbDZ6UL (dual feeder): page 83 (8300/149816)
  HbDZ6UL (dual feeder): page 84 (8400/149816)
  HbDZ6UL (dual feeder): page 85 (8500/149816)
  HbDZ6UL (dual feeder): page 86 (8600/149816)
  HbDZ6UL (dual feeder): page 87 (8700/149816)
  HbDZ6UL (dual feeder): page 88 (8800/149816)
  HbDZ6UL (dual feeder): page 89 (8900/149816)
  HbDZ6UL (dual feeder): page 90 (9000/149816)
  HbDZ6UL (dual feeder): page 91 (9100/149816)
  HbDZ6UL (dual feeder): page 92 (9200/149816)
  HbDZ6UL (dual feeder): page 93 (9300/149816)
  HbDZ6UL (dual feeder): page 94 (9400/149816)
  HbDZ6UL (dual feeder): page 95 (9500/149816)
  HbDZ6UL (dual feeder): page 96 (9600/149816)
  HbDZ6UL (dual feeder): page 97 (9700/149816)
  HbDZ6UL (dual feeder): page 98 (9800/149816)
  HbDZ6UL (dual feeder): page 99 (9900/149816)
  HbDZ6UL (dual feeder): page 100 (10000/149816)
  HbDZ6UL (dual feeder): page 101 (10100/149817)
  HbDZ6UL (dual feeder): page 102 (10200/149817)
  HbDZ6UL (dual feeder): page 103 (10300/149817)
  HbDZ6UL (dual feeder): page 104 (10400/149817)
  HbDZ6UL (dual feeder): page 105 (10500/149817)
  HbDZ6UL (dual feeder): page 106 (10600/149817)
  HbDZ6UL (dual feeder): page 107 (10700/149817)
  HbDZ6UL (dual feeder): page 108 (10800/149817)
  HbDZ6UL (dual feeder): page 109 (10900/149817)
  HbDZ6UL (dual feeder): page 110 (11000/149817)
  HbDZ6UL (dual feeder): page 111 (11100/149817)
  HbDZ6UL (dual feeder): page 112 (11200/149817)
  HbDZ6UL (dual feeder): page 113 (11300/149817)
  HbDZ6UL (dual feeder): page 114 (11400/149817)
  HbDZ6UL (dual feeder): page 115 (11500/149817)
  HbDZ6UL (dual feeder): page 116 (11600/149817)
  HbDZ6UL (dual feeder): page 117 (11700/149817)
  HbDZ6UL (dual feeder): page 118 (11800/149817)
  HbDZ6UL (dual feeder): page 119 (11900/149817)
  HbDZ6UL (dual feeder): page 120 (12000/149817)
  HbDZ6UL (dual feeder): page 121 (12100/149817)
  HbDZ6UL (dual feeder): page 122 (12200/149817)
  HbDZ6UL (dual feeder): page 123 (12300/149817)
  HbDZ6UL (dual feeder): page 124 (12400/149817)
  HbDZ6UL (dual feeder): page 125 (12500/149817)
  HbDZ6UL (dual feeder): page 126 (12600/149817)
  HbDZ6UL (dual feeder): page 127 (12700/149817)
  HbDZ6UL (dual feeder): page 128 (12800/149817)
  HbDZ6UL (dual feeder): page 129 (12900/149817)
  HbDZ6UL (dual feeder): page 130 (13000/149817)
  HbDZ6UL (dual feeder): page 131 (13100/149817)
  HbDZ6UL (dual feeder): page 132 (13200/149817)
  HbDZ6UL (dual feeder): page 133 (13300/149817)
  HbDZ6UL (dual feeder): page 134 (13400/149817)
  HbDZ6UL (dual feeder): page 135 (13500/149817)
  HbDZ6UL (dual feeder): page 136 (13600/149817)
  HbDZ6UL (dual feeder): page 137 (13700/149817)
  HbDZ6UL (dual feeder): page 138 (13800/149818)
  HbDZ6UL (dual feeder): page 139 (13900/149818)
  HbDZ6UL (dual feeder): page 140 (14000/149818)
  HbDZ6UL (dual feeder): page 141 (14100/149818)
  HbDZ6UL (dual feeder): page 142 (14200/149819)
  HbDZ6UL (dual feeder): page 143 (14300/149819)
  HbDZ6UL (dual feeder): page 144 (14400/149819)
  HbDZ6UL (dual feeder): page 145 (14500/149819)
  HbDZ6UL (dual feeder): page 146 (14600/149819)
  HbDZ6UL (dual feeder): page 147 (14700/149819)
  HbDZ6UL (dual feeder): page 148 (14800/149819)
  HbDZ6UL (dual feeder): page 149 (14900/149819)
  HbDZ6UL (dual feeder): page 150 (15000/149819)
  HbDZ6UL (dual feeder): page 151 (15100/149819)
  HbDZ6UL (dual feeder): page 152 (15200/149819)
  HbDZ6UL (dual feeder): page 153 (15300/149819)
  HbDZ6UL (dual feeder): page 154 (15400/149819)
  HbDZ6UL (dual feeder): page 155 (15500/149819)
  HbDZ6UL (dual feeder): page 156 (15600/149819)
  HbDZ6UL (dual feeder): page 157 (15700/149819)
  HbDZ6UL (dual feeder): page 158 (15800/149819)
  HbDZ6UL (dual feeder): page 159 (15900/149819)
  HbDZ6UL (dual feeder): page 160 (16000/149819)
  HbDZ6UL (dual feeder): page 161 (16100/149819)
  HbDZ6UL (dual feeder): page 162 (16200/149819)
  HbDZ6UL (dual feeder): page 163 (16300/149819)
  HbDZ6UL (dual feeder): page 164 (16400/149819)
  HbDZ6UL (dual feeder): page 165 (16500/149819)
  HbDZ6UL (dual feeder): page 166 (16600/149819)
  HbDZ6UL (dual feeder): page 167 (16700/149819)
  HbDZ6UL (dual feeder): page 168 (16800/149819)
  HbDZ6UL (dual feeder): page 169 (16900/149819)
  HbDZ6UL (dual feeder): page 170 (17000/149819)
  HbDZ6UL (dual feeder): page 171 (17100/149819)
  HbDZ6UL (dual feeder): page 172 (17200/149819)
  HbDZ6UL (dual feeder): page 173 (17300/149819)
  HbDZ6UL (dual feeder): page 174 (17400/149819)
  HbDZ6UL (dual feeder): page 175 (17500/149819)
  HbDZ6UL (dual feeder): page 176 (17600/149819)
  HbDZ6UL (dual feeder): page 177 (17700/149819)
  HbDZ6UL (dual feeder): page 178 (17800/149819)
  HbDZ6UL (dual feeder): page 179 (17900/149819)
  HbDZ6UL (dual feeder): page 180 (18000/149819)
  HbDZ6UL (dual feeder): page 181 (18100/149819)
  HbDZ6UL (dual feeder): page 182 (18200/149819)
  HbDZ6UL (dual feeder): page 183 (18300/149819)
  HbDZ6UL (dual feeder): page 184 (18400/149820)
  HbDZ6UL (dual feeder): page 185 (18500/149820)
  HbDZ6UL (dual feeder): page 186 (18600/149820)
  HbDZ6UL (dual feeder): page 187 (18700/149820)
  HbDZ6UL (dual feeder): page 188 (18800/149820)
  HbDZ6UL (dual feeder): page 189 (18900/149820)
  HbDZ6UL (dual feeder): page 190 (19000/149820)
  HbDZ6UL (dual feeder): page 191 (19100/149820)
  HbDZ6UL (dual feeder): page 192 (19200/149820)
  HbDZ6UL (dual feeder): page 193 (19300/149820)
  HbDZ6UL (dual feeder): page 194 (19400/149820)
  HbDZ6UL (dual feeder): page 195 (19500/149820)
  HbDZ6UL (dual feeder): page 196 (19600/149820)
  HbDZ6UL (dual feeder): page 197 (19700/149820)
  HbDZ6UL (dual feeder): page 198 (19800/149820)
  HbDZ6UL (dual feeder): page 199 (19900/149820)
  HbDZ6UL (dual feeder): page 200 (20000/149820)
  HbDZ6UL (dual feeder): page 201 (20100/149820)
  HbDZ6UL (dual feeder): page 202 (20200/149820)
  HbDZ6UL (dual feeder): page 203 (20300/149820)
  HbDZ6UL (dual feeder): page 204 (20400/149820)
  HbDZ6UL (dual feeder): page 205 (20500/149820)
  HbDZ6UL (dual feeder): page 206 (20600/149820)
  HbDZ6UL (dual feeder): page 207 (20700/149820)
  HbDZ6UL (dual feeder): page 208 (20800/149820)
  HbDZ6UL (dual feeder): page 209 (20900/149820)
  HbDZ6UL (dual feeder): page 210 (21000/149820)
  HbDZ6UL (dual feeder): page 211 (21100/149820)
  HbDZ6UL (dual feeder): page 212 (21200/149820)
  HbDZ6UL (dual feeder): page 213 (21300/149820)
  HbDZ6UL (dual feeder): page 214 (21400/149820)
  HbDZ6UL (dual feeder): page 215 (21500/149820)
  HbDZ6UL (dual feeder): page 216 (21600/149820)
  HbDZ6UL (dual feeder): page 217 (21700/149820)
  HbDZ6UL (dual feeder): page 218 (21800/149820)
  HbDZ6UL (dual feeder): page 219 (21900/149820)
  HbDZ6UL (dual feeder): page 220 (22000/149820)
  HbDZ6UL (dual feeder): page 221 (22100/149820)
  HbDZ6UL (dual feeder): page 222 (22200/149820)
  HbDZ6UL (dual feeder): page 223 (22300/149820)
  HbDZ6UL (dual feeder): page 224 (22400/149820)
  HbDZ6UL (dual feeder): page 225 (22500/149820)
  HbDZ6UL (dual feeder): page 226 (22600/149821)
  HbDZ6UL (dual feeder): page 227 (22700/149821)
  HbDZ6UL (dual feeder): page 228 (22800/149821)
  HbDZ6UL (dual feeder): page 229 (22900/149821)
  HbDZ6UL (dual feeder): page 230 (23000/149821)
  HbDZ6UL (dual feeder): page 231 (23100/149821)
  HbDZ6UL (dual feeder): page 232 (23200/149821)
  HbDZ6UL (dual feeder): page 233 (23300/149821)
  HbDZ6UL (dual feeder): page 234 (23400/149821)
  HbDZ6UL (dual feeder): page 235 (23500/149821)
  HbDZ6UL (dual feeder): page 236 (23600/149821)
  HbDZ6UL (dual feeder): page 237 (23700/149821)
  HbDZ6UL (dual feeder): page 238 (23800/149821)
  HbDZ6UL (dual feeder): page 239 (23900/149821)
  HbDZ6UL (dual feeder): page 240 (24000/149821)
  HbDZ6UL (dual feeder): page 241 (24100/149821)
  HbDZ6UL (dual feeder): page 242 (24200/149821)
  HbDZ6UL (dual feeder): page 243 (24300/149821)
  HbDZ6UL (dual feeder): page 244 (24400/149821)
  HbDZ6UL (dual feeder): page 245 (24500/149821)
  HbDZ6UL (dual feeder): page 246 (24600/149821)
  HbDZ6UL (dual feeder): page 247 (24700/149821)
  HbDZ6UL (dual feeder): page 248 (24800/149821)
  HbDZ6UL (dual feeder): page 249 (24900/149821)
  HbDZ6UL (dual feeder): page 250 (25000/149821)
  HbDZ6UL (dual feeder): page 251 (25100/149821)
  HbDZ6UL (dual feeder): page 252 (25200/149821)
  HbDZ6UL (dual feeder): page 253 (25300/149821)
  HbDZ6UL (dual feeder): page 254 (25400/149821)
  HbDZ6UL (dual feeder): page 255 (25500/149821)
  HbDZ6UL (dual feeder): page 256 (25600/149821)
  HbDZ6UL (dual feeder): page 257 (25700/149821)
  HbDZ6UL (dual feeder): page 258 (25800/149821)
  HbDZ6UL (dual feeder): page 259 (25900/149821)
  HbDZ6UL (dual feeder): page 260 (26000/149821)
  HbDZ6UL (dual feeder): page 261 (26100/149821)
  HbDZ6UL (dual feeder): page 262 (26200/149821)
  HbDZ6UL (dual feeder): page 263 (26300/149821)
  HbDZ6UL (dual feeder): page 264 (26400/149821)
  HbDZ6UL (dual feeder): page 265 (26500/149821)
  HbDZ6UL (dual feeder): page 266 (26600/149821)
  HbDZ6UL (dual feeder): page 267 (26700/149822)
  HbDZ6UL (dual feeder): page 268 (26800/149822)
  HbDZ6UL (dual feeder): page 269 (26900/149822)
  HbDZ6UL (dual feeder): page 270 (27000/149822)
  HbDZ6UL (dual feeder): page 271 (27100/149822)
  HbDZ6UL (dual feeder): page 272 (27200/149822)
  HbDZ6UL (dual feeder): page 273 (27300/149822)
  HbDZ6UL (dual feeder): page 274 (27400/149822)
  HbDZ6UL (dual feeder): page 275 (27500/149822)
  HbDZ6UL (dual feeder): page 276 (27600/149822)
  HbDZ6UL (dual feeder): page 277 (27700/149822)
  HbDZ6UL (dual feeder): page 278 (27800/149822)
  HbDZ6UL (dual feeder): page 279 (27900/149822)
  HbDZ6UL (dual feeder): page 280 (28000/149822)
  HbDZ6UL (dual feeder): page 281 (28100/149822)
  HbDZ6UL (dual feeder): page 282 (28200/149822)
  HbDZ6UL (dual feeder): page 283 (28300/149822)
  HbDZ6UL (dual feeder): page 284 (28400/149822)
  HbDZ6UL (dual feeder): page 285 (28500/149822)
  HbDZ6UL (dual feeder): page 286 (28600/149822)
  HbDZ6UL (dual feeder): page 287 (28700/149822)
  HbDZ6UL (dual feeder): page 288 (28800/149822)
  [HTTP 403]
  → 6528 in (303,944.1 TAO) / 11137 out (420,454.6 TAO)


========================================================================
GBONPZV UPSTREAM INVESTIGATION REPORT
========================================================================

────────────────────────────────────────────────────────────────────────
GBnPzv (dominant upstream)
  Address: 5GBnPzvPghS8AuCoo6bfnK7JUFHuyUhWSFD4woBNsKnPiEUi
  Inbound:  12,208 txs, 1,241,405.05 TAO  (first block 7455070)
  Outbound: 18,890 txs, 1,198,521.95 TAO  (first block 7455042)

  TOP SENDERS (upstream sources):
    5Hd2ze5ug8n1bo3UCAcQsf66VNjKqGos8u6apNfzcU86pg4N    500,000.00 TAO
    5GgfJE3J9BsF2uohB3kCqciuctoJoRf4MtLA8gQDHUYsdpp3     83,173.04 TAO
    5CsRaRJSc1Y5XAdhF3wzjtjzc1kZCGqW64D38JXMp8NNV36n     37,171.63 TAO
    5DoGFEHDzZfaLbZx8CyBmuR3RcBTpMLxYeqdz5Dg4QwtGqcv     37,099.83 TAO
    5DiC57wQvSHyJACiNfMbaLte6Uy6H7yP837NjtYHizFGiysp     36,286.26 TAO
    5HG9MhHqybY4jpDH3gAHs1v9c9jqd9yMqpEEMbb61tPUUY1p     33,999.10 TAO
    5GsQmSa5UVAps63JinL6wriKnQkspKjqspqdvZLkuDqHhCbf     33,510.61 TAO
    5CHKBJRraYTyNWNd4H26WUsnUfhmESVeFN8NqDxWhvRdyESR     26,425.20 TAO
    5EkcShLwVJSLBGqKoKGhnYqqagkXZskKuwTW6jLC5RKVxrJi     18,939.21 TAO
    5GSJpsK91Tvht3sdS2tjCxAvyQyFq3mkCNjrGrL1ULo6uiFJ     18,253.21 TAO
    5E5R6uFg7c3X8KP44rTTxfXXgKiXMs1hbzCrv34yYFQVCTWs     15,887.51 TAO
    5EKwxFD3zDsWjWELZ9L4A5or2ZuYbCKMehbhga8UYYcNN5Gh     15,537.37 TAO
    5CAuWdpdwbhyuGkiqpGR1B4t7yRL5AF43Ndt2Xx64jzhANWA     15,109.42 TAO
    5DhD8TKfeVcgE8EwBNRmY8AiZGBj84Y3DVmEwUczrnXHjukU     14,838.90 TAO
    5EEXvU5LHTHenRiyMQwNTjVc19fPnFGAA62iv2yyoWRfzM8Q     14,714.75 TAO
    5Dv2KpTLJ6d74J5VDoG9mv1emkpoyY8uNo3vcfZxuFE5R2uL     14,083.24 TAO
    5DrMi6PB4NPE4VeF7ZMYc94Mzok4fvfyJCuwtzTUV1jER2LE     10,995.12 TAO
    5CQQWfjxEpBw1GRqC4YYHTyxYU2VyaBtgMheehQ37AxNhrMX      7,028.29 TAO
    5G7Hfcz8ndiC9xkLE5D9BmaXwTaVpDXzafECKUwkzuPFiPcT      6,860.73 TAO
    5Em8pM44g16XsSUgZFohjJA5L7RTU7b1VFTb5MWPFRw1LNyD      6,165.17 TAO

  TOP RECEIVERS (downstream destinations):
    5Hd2ze5ug8n1bo3UCAcQsf66VNjKqGos8u6apNfzcU86pg4N    407,268.96 TAO
    5HB2Q8H9Rvxr3ejZ1o58FfXk3S3jMij6mB7Vu7b7SPqUdhTQ     49,550.30 TAO  [infra: HB2Q8-hub]
    5Gorfuxev7QmgDzBK92YrVW2K5PEvfZRW49SQrKm3VXcAGi1     40,935.73 TAO  [infra: Gorfuxev7]
    5DCWcf9nXRrNB4djAr4ZmEEpoGn8kANGUwobvoCGSxEAFAA5     28,276.90 TAO
    5FiaRiQBEFtcSZUgm8uhT4Y79ywYddZQS3D8VSPQCyEnBsBc     22,794.31 TAO
    5HUPxAsF52CX7RWAe3vDA7Wu7fiKT78dG3XpxRisfnwKYsn4     19,763.30 TAO  [infra: HUPxAs]
    5FJMfoeUXsDXQSABaai8CUQvMyAK1a7jXqJvkBMnabfuJCjv     18,285.00 TAO  [infra: FJMfoeUX]
    5EtvRauPXAtFwJ4KGBaPuvtxn1UHd8nSGVJKxM9KDFX3v9KM     16,805.55 TAO
    5FZTUqPdB3uyUGF3hZFUUMTGMFPnmH1w5gVYWigD8mSibT4c     16,575.91 TAO
    5ExqruPPZVrX2AzWsGsDv2YY5bvvt5mC1K63hogqKZEndnzW     13,249.99 TAO
    5FfyHUDPJLUpSfhsRGwHMpSkpcKgd55NnbrUNcNYBNWarTDJ     13,099.96 TAO
    5CoPeR1neia16MAQWydwuPU2RiPYZMSUmfNYasxm3MjU3aX1     12,585.99 TAO
    5DdfV4KJgkrwyNKPCML87KceNj3in9py2HGiwiGF7KSiJNP9     11,818.11 TAO
    5CrVZiaD3au1wz6odkwApHgbJ3TGTkcPQ5Tsa16pxVCuidtt     11,270.75 TAO
    5H3djR2ZRPLopdsUGA4gUUfpu9c2C25KzWKe25tzGhsJWouE     10,989.95 TAO
    5C77HBqjXfdMupDUyABuMof2SrnQ4RTAipd1wV6v1jUdUhFJ     10,530.00 TAO
    5DEA37cMhnWbZMZQozcwtNSvtg4VPKRhkKob6HymZjTyqh1o      9,933.62 TAO
    5EqUG3oUuzT5siNv5bSE9PKzqp8t2ehYEX7SeEjTjymuJS9W      9,511.88 TAO
    5FHxv6j4Eb2c9DcGmmG8ne2f6SvMZfhkBVFUdfw31mXtYFdM      8,732.05 TAO
    5Fy8bFc5SsUfLJBR6ByJa4Z3xTbzR6cenTpPM7hiw3Ctm3dP      8,649.95 TAO

────────────────────────────────────────────────────────────────────────
CNChyk2 (FJMfoeUX sender)
  Address: 5CNChyk2fnVgVSZDLAVVFb4QBTMGm6WfuQvseBG6hj8xWzKP
  Inbound:  13,574 txs, 1,346,974.22 TAO  (first block 4354380)
  Outbound: 18,210 txs, 1,347,322.92 TAO  (first block 4349181)

  TOP SENDERS (upstream sources):
    5FsWP1GxpzT11xyFBojKpE75pzp54ESDA6BYbRMPJ2nsCZE5    334,512.86 TAO
    5DvjnLD79DuUFnmRNakrJYfN5suEKfSgqyBkvs7pddDpoYk9    128,344.96 TAO
    5FmKVJKPQxTYGH1vXEYVHEbvCJvEX56F9387u9S3dL1ZzEUr    108,421.70 TAO
    5CAjSJ7Vvuyi8VKVc9PiEM6PN2wK9DL6b1iUj5qkEBuD3Rd4    108,136.58 TAO
    5CdFwEG1AK7AxemmtfnFeGJ4SmNvFSmPk3K8jxCj8fGKEXTM     92,689.69 TAO
    5DVsLTvGmUDT6hEp3P9RsLL95BgknJm3natm3EFijfkhrzkw     76,064.70 TAO
    5E7gYCFcpctg34aYnZNwVvNiqciHyDDkWKpokNUjRG86brSB     49,681.08 TAO
    5DjrXsfZU8LULTEp8mFUhukM499gUS26DS4EBc4gc5BRmHy4     46,553.71 TAO
    5FYH5oMfBtYHGEM5KAfQtxiHtZNMaT3t2yaoL8XGuLFT9Pun     36,214.51 TAO
    5EUeYrY8exBVgDuDagzMRGQEUro3M4EQkaYt6WP48U62LLuo     31,764.10 TAO
    5Fr6v3yXLxksHgH9NNGzCDCZ762q6Zt4JLHx4266D1uQWCVa     29,636.10 TAO
    5CmvaYJeDLgiVnKMk4jbNnFLkwFBgDC1YxHnK8TLeSiZCMfT     17,712.47 TAO
    5FByFoPK1iKL6seuDt7RUpnsjd6NrXkAzyraZAZJn7Tu5KVb     16,887.85 TAO
    5CtFfVQXhCu4fG4KZXcwxnpvL6w7ZyG8bvJSwL39NkapdMJs     13,662.41 TAO
    5E4rEccyq1ebQUe58Xvo7Qdt8zUYmJ6q3RN8t8i4gYDxZgrb     11,001.26 TAO
    5DKURWkFwUMFzG7pSoBps1jF3jmxbw8YWVzKhg5Krbg2ELAS      9,238.30 TAO
    5HW2Z85FzL5v7SMK55kgwywnF9RNpXRDUPosKfVBuQHk8itc      8,382.44 TAO
    5EMNp1rKeGj2qbRYkvCSPNF3uzDQaSWMQRJ8BiJdhh6PYWJK      7,740.97 TAO
    5FkqLE63zZZik7kUbzvBAX9CoLuo72YHKKaWREq2voKW3JjM      6,529.26 TAO
    5HReneYGzen6VHkwuHnEL7g8KnxrAjbMZijzEcGet9T3MHjr      6,511.39 TAO

  TOP RECEIVERS (downstream destinations):
    5FsWP1GxpzT11xyFBojKpE75pzp54ESDA6BYbRMPJ2nsCZE5    301,118.37 TAO
    5CsRaRJSc1Y5XAdhF3wzjtjzc1kZCGqW64D38JXMp8NNV36n    129,887.37 TAO
    5FfXoaPAYCZrxdhAaaz6UdppNsyAYnkwomUZmdtCbxsrHfpP     85,685.12 TAO
    5DCWcf9nXRrNB4djAr4ZmEEpoGn8kANGUwobvoCGSxEAFAA5     70,480.70 TAO
    5DSmnsDtwvBUzfiAUemaVF1D1mpVzNF4fBfZAdtehtKnKFG6     37,892.75 TAO
    5GgfJE3J9BsF2uohB3kCqciuctoJoRf4MtLA8gQDHUYsdpp3     32,758.35 TAO
    5HB2Q8H9Rvxr3ejZ1o58FfXk3S3jMij6mB7Vu7b7SPqUdhTQ     29,596.90 TAO  [infra: HB2Q8-hub]
    5EgPAkbxJfELKKfkEWSA2i1eHL22r4qvZ1jP9hBBpoWwLefD     29,318.00 TAO
    5CHKBJRraYTyNWNd4H26WUsnUfhmESVeFN8NqDxWhvRdyESR     25,422.71 TAO
    5CXkUEWB3uctQTxrpRZE5oouKFYvNK5sC7uTZUusw78MKSP9     15,728.87 TAO
    5HUPxAsF52CX7RWAe3vDA7Wu7fiKT78dG3XpxRisfnwKYsn4     14,744.37 TAO  [infra: HUPxAs]
    5DdfV4KJgkrwyNKPCML87KceNj3in9py2HGiwiGF7KSiJNP9     14,672.32 TAO
    5ESDyJBqh3SRcmboQpHc3761pZqV5C9vrFPFy8qxtAzerktB     14,302.14 TAO
    5DqAsYypFpHd6QqDRQTX2J8yaHTS7ksUrQLJQM5fGKu5Q7c8     13,851.56 TAO
    5HnF6xcexzjsEjibkr7fq2NPWfUa82eEyJSMASux97nJrzbM     13,022.40 TAO
    5FJMfoeUXsDXQSABaai8CUQvMyAK1a7jXqJvkBMnabfuJCjv     13,022.10 TAO  [infra: FJMfoeUX]
    5DDaF8A1W6PuKREz4m9iVbfgFPYMH9hekCQ8ZS9MaJvbmErL     12,656.64 TAO
    5Hqv5hdFUrs7vQpZ6xKkhAMyNfreLCEKBDFMsS3uyLjJmmd6     12,467.16 TAO
    5E4owuNhqHH5tBXgKkGTjo2PAAutGDMPckZo9f1nKyz5QHRe     12,053.32 TAO
    5GsQmSa5UVAps63JinL6wriKnQkspKjqspqdvZLkuDqHhCbf     11,965.98 TAO

────────────────────────────────────────────────────────────────────────
HbDZ6UL (dual feeder)
  Address: 5HbDZ6ULuwZegAMSPaS2kaUfBLMDaht5t48RcDrQATSgGCAR
  Inbound:  6,528 txs,   303,944.12 TAO  (first block 6946542)
  Outbound: 11,137 txs,   420,454.61 TAO  (first block 6946544)

  TOP SENDERS (upstream sources):
    5ELWnR5A7DUmmqHsYPA3iZMFu1BX3gceruEqFPtsmTkCqR7J    106,900.01 TAO
    5GZ3U6VtVRSSo6RGgEBRFmrtbrJDBBLfic4aTBGR9ZjM1V9v     39,915.21 TAO
    5Ge6FAzDMemjCGTdp1Kc3AA889cWej9iwED74TkWbnhFtPnA     14,646.55 TAO
    5DDaF8A1W6PuKREz4m9iVbfgFPYMH9hekCQ8ZS9MaJvbmErL     11,246.54 TAO
    5DkUdsmMeEBdPjPkxnWmqyReZLYuwdaXdMPqyj4bxnukTCUW     10,405.90 TAO
    5G72NnaE7GLKdQ8jziM6SFW3fugXGuEz4rsd895H6ZnwnG41      9,323.67 TAO
    5FBq6icddsU1ZsxeAsVbB7of6iU1xzwntxdtX3ewXnTrLJjF      7,046.05 TAO
    5Ge8B9GczK6mcoSgb7nwdWdJSw2nRPbmfkQ3pSErqKxXdxHW      5,937.26 TAO
    5FJ7nR1MoLxeBnDxUEvDbX2q81YBkiSFdf49RPutxwL3xBrS      5,754.54 TAO
    5CB4jm9HMi3EWMQqHbusn9putpjw6c76LQFiHsn46kzNP2mV      5,426.03 TAO
    5C5z7RcnBprwg2eHDPcWcqeCVRQUc2tQeCPwtGvSB9v6HHZ8      4,604.65 TAO
    5HVsChHUEH8WfcotibLpNLnARALNY8tJkSZiXcwLhQzoz28o      3,373.99 TAO
    5Fdwhgy49KZ8kdRCYLagvdu1x7nxvdZFrVq4gMMQxpAcMyno      3,083.56 TAO
    5FxXypZrEVoA3jUC3CAj4idSfY38rcCXLoyJr4VBNXpEHt1C      3,027.20 TAO
    5FLBeeBe7mBJiTRFQaQxzbAF5FyK3FH6a9BGn2p9iVqgLidi      2,512.34 TAO
    5E1ffrVK6ijJCKe35yUxvzx4D9NdpSLRdxaBgwkxsMu6QJM8      2,111.07 TAO
    5DUsTRKicUozYLWZQQZTTxptng8RvW6qveZLs9jbom4W2dXP      1,703.00 TAO
    5H9NrjNEvzQgpHetfmCEAHLzDb9n83VxdgAAD8wvGnBqi1f3      1,696.90 TAO
    5CSjJAdHJaQvU7r3bUTvQ5rkFfdjaNNFXWhzvZzfdD9Y5xsW      1,640.00 TAO
    5DqAsYypFpHd6QqDRQTX2J8yaHTS7ksUrQLJQM5fGKu5Q7c8      1,281.91 TAO

  TOP RECEIVERS (downstream destinations):
    5ELWnR5A7DUmmqHsYPA3iZMFu1BX3gceruEqFPtsmTkCqR7J    180,319.56 TAO
    5GZ3U6VtVRSSo6RGgEBRFmrtbrJDBBLfic4aTBGR9ZjM1V9v     25,001.00 TAO
    5Gorfuxev7QmgDzBK92YrVW2K5PEvfZRW49SQrKm3VXcAGi1     24,520.60 TAO  [infra: Gorfuxev7]
    5FZTUqPdB3uyUGF3hZFUUMTGMFPnmH1w5gVYWigD8mSibT4c     10,658.03 TAO
    5CQQWfjxEpBw1GRqC4YYHTyxYU2VyaBtgMheehQ37AxNhrMX     10,565.28 TAO
    5DiC57wQvSHyJACiNfMbaLte6Uy6H7yP837NjtYHizFGiysp     10,190.12 TAO
    5CHKBJRraYTyNWNd4H26WUsnUfhmESVeFN8NqDxWhvRdyESR      7,000.00 TAO
    5CoWc5Cj8kkb33iyzzR7qJAuUPGp9cZa1HKyvzjDafBU2ewH      5,517.64 TAO
    5DZcN6PjhuF9sQfwrULQ5pD43ZneMp3Ad4LSgLq1XfujRbJS      5,410.00 TAO
    5EEXvU5LHTHenRiyMQwNTjVc19fPnFGAA62iv2yyoWRfzM8Q      4,802.91 TAO
    5Cc4ygj296P8gyu9Qv7hSoxbKRJMrYUnVvwWX4H3JKNahLuh      4,156.92 TAO
    5FYR2AfyD7SXR1rLwHbsQrXkgGZ3E7foTs6saQaB1UBxx2wf      3,811.10 TAO
    5CfoLutMr8jA9UvwNbZ3oieV1ANngrkwRs5pW91Muevd1Sqp      3,792.42 TAO
    5DC8Uq5wy1M4m9XRJaEFFt2PtV8zdKUUVQemEe5whZ2bguq6      3,758.71 TAO
    5CHMk3sCTDvXHqciKetuR4EWb958esMD4KattdhnBVT5NZ6R      3,562.97 TAO
    5FpvyaEDYX2oMNqn4tpnVwiEkYsrPSF1i4Wwj1ujGyz1d431      3,413.41 TAO
    5HUPxAsF52CX7RWAe3vDA7Wu7fiKT78dG3XpxRisfnwKYsn4      3,381.78 TAO  [infra: HUPxAs]
    5DK4hzdycbZppV6eZrzWfDn9u8qEEjsQTh8qY6ayZVxmX54L      3,270.00 TAO
    5FJMfoeUXsDXQSABaai8CUQvMyAK1a7jXqJvkBMnabfuJCjv      3,156.05 TAO  [infra: FJMfoeUX]
    5DV97qjKxKbh7Ru8GF1pe4aaDhAA2wCPaMKSQuPgnrh8kvzc      3,017.47 TAO

Saved to profile_gbonpzv_report.txt
