Loaded 2369 known entities
========================================================================
NEW FEEDER PROFILE INVESTIGATION
========================================================================

Fetching: EJMGn13 (round-trip feeder) (5EJMGn13311deMfe...)
  EJMGn13 (round-trip feeder): page 1 (100/1727)
  EJMGn13 (round-trip feeder): page 2 (200/1727)
  EJMGn13 (round-trip feeder): page 3 (300/1727)
  EJMGn13 (round-trip feeder): page 4 (400/1727)
  EJMGn13 (round-trip feeder): page 5 (500/1727)
  EJMGn13 (round-trip feeder): page 6 (600/1727)
  EJMGn13 (round-trip feeder): page 7 (700/1727)
  EJMGn13 (round-trip feeder): page 8 (800/1727)
  EJMGn13 (round-trip feeder): page 9 (900/1727)
  EJMGn13 (round-trip feeder): page 10 (1000/1727)
  EJMGn13 (round-trip feeder): page 11 (1100/1727)
  EJMGn13 (round-trip feeder): page 12 (1200/1727)
  EJMGn13 (round-trip feeder): page 13 (1300/1727)
  EJMGn13 (round-trip feeder): page 14 (1400/1727)
  EJMGn13 (round-trip feeder): page 15 (1500/1727)
  EJMGn13 (round-trip feeder): page 16 (1600/1727)
  EJMGn13 (round-trip feeder): page 17 (1700/1727)
  EJMGn13 (round-trip feeder): page 18 (1727/1727)
  → 599 in (298,962.3 TAO) / 248 out (297,537.5 TAO)

Fetching: Gorfuxev7 (cross-funder hub) (5Gorfuxev7QmgDzB...)
  Gorfuxev7 (cross-funder hub): page 1 (100/12476)
  Gorfuxev7 (cross-funder hub): page 2 (200/12476)
  Gorfuxev7 (cross-funder hub): page 3 (300/12476)
  Gorfuxev7 (cross-funder hub): page 4 (400/12476)
  Gorfuxev7 (cross-funder hub): page 5 (500/12476)
  Gorfuxev7 (cross-funder hub): page 6 (600/12476)
  Gorfuxev7 (cross-funder hub): page 7 (700/12476)
  Gorfuxev7 (cross-funder hub): page 8 (800/12476)
  Gorfuxev7 (cross-funder hub): page 9 (900/12476)
  Gorfuxev7 (cross-funder hub): page 10 (1000/12476)
  Gorfuxev7 (cross-funder hub): page 11 (1100/12476)
  Gorfuxev7 (cross-funder hub): page 12 (1200/12476)
  Gorfuxev7 (cross-funder hub): page 13 (1300/12476)
  Gorfuxev7 (cross-funder hub): page 14 (1400/12476)
  Gorfuxev7 (cross-funder hub): page 15 (1500/12476)
  Gorfuxev7 (cross-funder hub): page 16 (1600/12476)
  Gorfuxev7 (cross-funder hub): page 17 (1700/12476)
  Gorfuxev7 (cross-funder hub): page 18 (1800/12476)
  Gorfuxev7 (cross-funder hub): page 19 (1900/12476)
  Gorfuxev7 (cross-funder hub): page 20 (2000/12476)
  Gorfuxev7 (cross-funder hub): page 21 (2100/12476)
  Gorfuxev7 (cross-funder hub): page 22 (2200/12476)
  Gorfuxev7 (cross-funder hub): page 23 (2300/12476)
  Gorfuxev7 (cross-funder hub): page 24 (2400/12476)
  Gorfuxev7 (cross-funder hub): page 25 (2500/12476)
  Gorfuxev7 (cross-funder hub): page 26 (2600/12476)
  Gorfuxev7 (cross-funder hub): page 27 (2700/12476)
  Gorfuxev7 (cross-funder hub): page 28 (2800/12476)
  Gorfuxev7 (cross-funder hub): page 29 (2900/12476)
  Gorfuxev7 (cross-funder hub): page 30 (3000/12476)
  Gorfuxev7 (cross-funder hub): page 31 (3100/12476)
  Gorfuxev7 (cross-funder hub): page 32 (3200/12476)
  Gorfuxev7 (cross-funder hub): page 33 (3300/12476)
  Gorfuxev7 (cross-funder hub): page 34 (3400/12476)
  Gorfuxev7 (cross-funder hub): page 35 (3500/12476)
  Gorfuxev7 (cross-funder hub): page 36 (3600/12476)
  Gorfuxev7 (cross-funder hub): page 37 (3700/12476)
  Gorfuxev7 (cross-funder hub): page 38 (3800/12476)
  Gorfuxev7 (cross-funder hub): page 39 (3900/12476)
  Gorfuxev7 (cross-funder hub): page 40 (4000/12476)
  Gorfuxev7 (cross-funder hub): page 41 (4100/12476)
  Gorfuxev7 (cross-funder hub): page 42 (4200/12476)
  Gorfuxev7 (cross-funder hub): page 43 (4300/12476)
  Gorfuxev7 (cross-funder hub): page 44 (4400/12476)
  Gorfuxev7 (cross-funder hub): page 45 (4500/12476)
  Gorfuxev7 (cross-funder hub): page 46 (4600/12476)
  Gorfuxev7 (cross-funder hub): page 47 (4700/12476)
  Gorfuxev7 (cross-funder hub): page 48 (4800/12476)
  Gorfuxev7 (cross-funder hub): page 49 (4900/12476)
  Gorfuxev7 (cross-funder hub): page 50 (5000/12476)
  Gorfuxev7 (cross-funder hub): page 51 (5100/12476)
  Gorfuxev7 (cross-funder hub): page 52 (5200/12476)
  Gorfuxev7 (cross-funder hub): page 53 (5300/12476)
  Gorfuxev7 (cross-funder hub): page 54 (5400/12476)
  Gorfuxev7 (cross-funder hub): page 55 (5500/12476)
  Gorfuxev7 (cross-funder hub): page 56 (5600/12476)
  Gorfuxev7 (cross-funder hub): page 57 (5700/12476)
  Gorfuxev7 (cross-funder hub): page 58 (5800/12476)
  Gorfuxev7 (cross-funder hub): page 59 (5900/12476)
  Gorfuxev7 (cross-funder hub): page 60 (6000/12476)
  Gorfuxev7 (cross-funder hub): page 61 (6100/12476)
  Gorfuxev7 (cross-funder hub): page 62 (6200/12476)
  Gorfuxev7 (cross-funder hub): page 63 (6300/12476)
  Gorfuxev7 (cross-funder hub): page 64 (6400/12476)
  Gorfuxev7 (cross-funder hub): page 65 (6500/12476)
  Gorfuxev7 (cross-funder hub): page 66 (6600/12476)
  Gorfuxev7 (cross-funder hub): page 67 (6700/12476)
  Gorfuxev7 (cross-funder hub): page 68 (6800/12476)
  Gorfuxev7 (cross-funder hub): page 69 (6900/12476)
  Gorfuxev7 (cross-funder hub): page 70 (7000/12476)
  Gorfuxev7 (cross-funder hub): page 71 (7100/12476)
  Gorfuxev7 (cross-funder hub): page 72 (7200/12476)
  Gorfuxev7 (cross-funder hub): page 73 (7300/12476)
  Gorfuxev7 (cross-funder hub): page 74 (7400/12476)
  Gorfuxev7 (cross-funder hub): page 75 (7500/12476)
  Gorfuxev7 (cross-funder hub): page 76 (7600/12476)
  Gorfuxev7 (cross-funder hub): page 77 (7700/12476)
  Gorfuxev7 (cross-funder hub): page 78 (7800/12476)
  Gorfuxev7 (cross-funder hub): page 79 (7900/12476)
  Gorfuxev7 (cross-funder hub): page 80 (8000/12476)
  Gorfuxev7 (cross-funder hub): page 81 (8100/12476)
  Gorfuxev7 (cross-funder hub): page 82 (8200/12476)
  Gorfuxev7 (cross-funder hub): page 83 (8300/12476)
  Gorfuxev7 (cross-funder hub): page 84 (8400/12476)
  Gorfuxev7 (cross-funder hub): page 85 (8500/12476)
  Gorfuxev7 (cross-funder hub): page 86 (8600/12476)
  Gorfuxev7 (cross-funder hub): page 87 (8700/12476)
  Gorfuxev7 (cross-funder hub): page 88 (8800/12476)
  Gorfuxev7 (cross-funder hub): page 89 (8900/12476)
  Gorfuxev7 (cross-funder hub): page 90 (9000/12476)
  Gorfuxev7 (cross-funder hub): page 91 (9100/12476)
  Gorfuxev7 (cross-funder hub): page 92 (9200/12476)
  Gorfuxev7 (cross-funder hub): page 93 (9300/12476)
  Gorfuxev7 (cross-funder hub): page 94 (9400/12476)
  Gorfuxev7 (cross-funder hub): page 95 (9500/12476)
  Gorfuxev7 (cross-funder hub): page 96 (9600/12476)
  Gorfuxev7 (cross-funder hub): page 97 (9700/12476)
  Gorfuxev7 (cross-funder hub): page 98 (9800/12476)
  Gorfuxev7 (cross-funder hub): page 99 (9900/12476)
  Gorfuxev7 (cross-funder hub): page 100 (10000/12476)
  Gorfuxev7 (cross-funder hub): page 101 (10100/12476)
  Gorfuxev7 (cross-funder hub): page 102 (10200/12476)
  Gorfuxev7 (cross-funder hub): page 103 (10300/12476)
  Gorfuxev7 (cross-funder hub): page 104 (10400/12476)
  Gorfuxev7 (cross-funder hub): page 105 (10500/12476)
  Gorfuxev7 (cross-funder hub): page 106 (10600/12476)
  Gorfuxev7 (cross-funder hub): page 107 (10700/12476)
  Gorfuxev7 (cross-funder hub): page 108 (10800/12476)
  Gorfuxev7 (cross-funder hub): page 109 (10900/12476)
  Gorfuxev7 (cross-funder hub): page 110 (11000/12476)
  Gorfuxev7 (cross-funder hub): page 111 (11100/12476)
  Gorfuxev7 (cross-funder hub): page 112 (11200/12476)
  Gorfuxev7 (cross-funder hub): page 113 (11300/12476)
  Gorfuxev7 (cross-funder hub): page 114 (11400/12476)
  Gorfuxev7 (cross-funder hub): page 115 (11500/12476)
  Gorfuxev7 (cross-funder hub): page 116 (11600/12476)
  Gorfuxev7 (cross-funder hub): page 117 (11700/12476)
  Gorfuxev7 (cross-funder hub): page 118 (11800/12476)
  Gorfuxev7 (cross-funder hub): page 119 (11900/12476)
  Gorfuxev7 (cross-funder hub): page 120 (12000/12476)
  Gorfuxev7 (cross-funder hub): page 121 (12100/12476)
  Gorfuxev7 (cross-funder hub): page 122 (12200/12476)
  Gorfuxev7 (cross-funder hub): page 123 (12300/12476)
  Gorfuxev7 (cross-funder hub): page 124 (12400/12476)
  Gorfuxev7 (cross-funder hub): page 125 (12476/12476)
  → 520 in (77,427.2 TAO) / 582 out (90,482.4 TAO)

Fetching: HnhgYXb (Funder-A sender) (5HnhgYXb9pJcAWce...)
  HnhgYXb (Funder-A sender): page 1 (100/534)
  HnhgYXb (Funder-A sender): page 2 (200/534)
  HnhgYXb (Funder-A sender): page 3 (300/534)
  HnhgYXb (Funder-A sender): page 4 (400/534)
  HnhgYXb (Funder-A sender): page 5 (500/534)
  HnhgYXb (Funder-A sender): page 6 (534/534)
  → 190 in (97,988.7 TAO) / 78 out (98,282.9 TAO)

Fetching: EfXUFMj (Funder-A sender) (5EfXUFMjjc78YKgD...)
  EfXUFMj (Funder-A sender): page 1 (100/293)
  EfXUFMj (Funder-A sender): page 2 (200/293)
  EfXUFMj (Funder-A sender): page 3 (293/293)
  → 106 in (58,528.1 TAO) / 45 out (58,526.0 TAO)

Fetching: FJMfoeUX (cross-funder hub) (5FJMfoeUXsDXQSAB...)
  FJMfoeUX (cross-funder hub): page 1 (100/3484)
  FJMfoeUX (cross-funder hub): page 2 (200/3484)
  FJMfoeUX (cross-funder hub): page 3 (300/3484)
  FJMfoeUX (cross-funder hub): page 4 (400/3484)
  FJMfoeUX (cross-funder hub): page 5 (500/3484)
  FJMfoeUX (cross-funder hub): page 6 (600/3484)
  FJMfoeUX (cross-funder hub): page 7 (700/3484)
  FJMfoeUX (cross-funder hub): page 8 (800/3484)
  FJMfoeUX (cross-funder hub): page 9 (900/3484)
  FJMfoeUX (cross-funder hub): page 10 (1000/3484)
  FJMfoeUX (cross-funder hub): page 11 (1100/3484)
  FJMfoeUX (cross-funder hub): page 12 (1200/3484)
  FJMfoeUX (cross-funder hub): page 13 (1300/3484)
  FJMfoeUX (cross-funder hub): page 14 (1400/3484)
  FJMfoeUX (cross-funder hub): page 15 (1500/3484)
  FJMfoeUX (cross-funder hub): page 16 (1600/3484)
  FJMfoeUX (cross-funder hub): page 17 (1700/3484)
  FJMfoeUX (cross-funder hub): page 18 (1800/3484)
  FJMfoeUX (cross-funder hub): page 19 (1900/3484)
  FJMfoeUX (cross-funder hub): page 20 (2000/3484)
  FJMfoeUX (cross-funder hub): page 21 (2100/3484)
  FJMfoeUX (cross-funder hub): page 22 (2200/3484)
  FJMfoeUX (cross-funder hub): page 23 (2300/3484)
  FJMfoeUX (cross-funder hub): page 24 (2400/3484)
  FJMfoeUX (cross-funder hub): page 25 (2500/3484)
  FJMfoeUX (cross-funder hub): page 26 (2600/3484)
  FJMfoeUX (cross-funder hub): page 27 (2700/3484)
  FJMfoeUX (cross-funder hub): page 28 (2800/3484)
  FJMfoeUX (cross-funder hub): page 29 (2900/3484)
  FJMfoeUX (cross-funder hub): page 30 (3000/3484)
  FJMfoeUX (cross-funder hub): page 31 (3100/3484)
  FJMfoeUX (cross-funder hub): page 32 (3200/3484)
  FJMfoeUX (cross-funder hub): page 33 (3300/3484)
  FJMfoeUX (cross-funder hub): page 34 (3400/3484)
  FJMfoeUX (cross-funder hub): page 35 (3484/3484)
  → 344 in (82,122.2 TAO) / 341 out (108,332.9 TAO)


========================================================================
NEW FEEDER PROFILE REPORT
Min transfer threshold: 100.0 TAO
========================================================================

────────────────────────────────────────────────────────────────────────
EJMGn13 (round-trip feeder)
  Address: 5EJMGn13311deMfe9pwZYd5bPkyMGs1ZmkmNtbpbv7wPcG9C
  Inbound (>=100 TAO):  599 txs,   298,962.27 TAO
  Outbound (>=100 TAO): 248 txs,   297,537.47 TAO
  First inbound block:  6,421,401
  First outbound block: 6,440,446

  TOP SENDERS (upstream sources):
    5FV99mBYw3tYrMTXXe52PDa69an1AE19aTrpnB4kzxW73yUj    125,573.64 TAO
    5EiXej3AwjKqb9mjQAf29JG5HJf9Dwtt8CjvDqA8biprWTiN    106,965.53 TAO  [infra: Funder-A]
    5DunDrFV6BPbzsgLZUtMQtCq7w9fcUEbM59BUwx5E7N9Bn5E     66,423.09 TAO  [infra: Funder-B]

  TOP RECEIVERS (downstream destinations):
    5FV99mBYw3tYrMTXXe52PDa69an1AE19aTrpnB4kzxW73yUj    123,357.12 TAO
    5EiXej3AwjKqb9mjQAf29JG5HJf9Dwtt8CjvDqA8biprWTiN    121,900.60 TAO  [infra: Funder-A]
    5DunDrFV6BPbzsgLZUtMQtCq7w9fcUEbM59BUwx5E7N9Bn5E     52,279.74 TAO  [infra: Funder-B]

────────────────────────────────────────────────────────────────────────
Gorfuxev7 (cross-funder hub)
  Address: 5Gorfuxev7QmgDzBK92YrVW2K5PEvfZRW49SQrKm3VXcAGi1
  Inbound (>=100 TAO):  520 txs,    77,427.19 TAO
  Outbound (>=100 TAO): 582 txs,    90,482.38 TAO
  First inbound block:  6,003,584
  First outbound block: 6,003,600

  TOP SENDERS (upstream sources):
    5GBnPzvPghS8AuCoo6bfnK7JUFHuyUhWSFD4woBNsKnPiEUi     70,802.72 TAO  [infra: GBnPzv]
    5HbDZ6ULuwZegAMSPaS2kaUfBLMDaht5t48RcDrQATSgGCAR      6,624.48 TAO

  TOP RECEIVERS (downstream destinations):
    5EiXej3AwjKqb9mjQAf29JG5HJf9Dwtt8CjvDqA8biprWTiN     32,856.96 TAO  [infra: Funder-A]
    5FV99mBYw3tYrMTXXe52PDa69an1AE19aTrpnB4kzxW73yUj     30,764.05 TAO
    5DunDrFV6BPbzsgLZUtMQtCq7w9fcUEbM59BUwx5E7N9Bn5E     26,861.37 TAO  [infra: Funder-B]

────────────────────────────────────────────────────────────────────────
HnhgYXb (Funder-A sender)
  Address: 5HnhgYXb9pJcAWceju1a5aZttSPpeMqYDNqUbxntGyUNqGxR
  Inbound (>=100 TAO):  190 txs,    97,988.67 TAO
  Outbound (>=100 TAO): 78 txs,    98,282.93 TAO
  First inbound block:  6,421,401
  First outbound block: 6,430,006

  TOP SENDERS (upstream sources):
    5FV99mBYw3tYrMTXXe52PDa69an1AE19aTrpnB4kzxW73yUj     34,877.48 TAO
    5EiXej3AwjKqb9mjQAf29JG5HJf9Dwtt8CjvDqA8biprWTiN     32,938.75 TAO  [infra: Funder-A]
    5DunDrFV6BPbzsgLZUtMQtCq7w9fcUEbM59BUwx5E7N9Bn5E     30,172.44 TAO  [infra: Funder-B]

  TOP RECEIVERS (downstream destinations):
    5FV99mBYw3tYrMTXXe52PDa69an1AE19aTrpnB4kzxW73yUj     47,280.78 TAO
    5EiXej3AwjKqb9mjQAf29JG5HJf9Dwtt8CjvDqA8biprWTiN     33,301.95 TAO  [infra: Funder-A]
    5DunDrFV6BPbzsgLZUtMQtCq7w9fcUEbM59BUwx5E7N9Bn5E     17,700.20 TAO  [infra: Funder-B]

────────────────────────────────────────────────────────────────────────
EfXUFMj (Funder-A sender)
  Address: 5EfXUFMjjc78YKgDrEta3SQFDvwvV7PtPnV2MKBd35SqvhQJ
  Inbound (>=100 TAO):  106 txs,    58,528.07 TAO
  Outbound (>=100 TAO): 45 txs,    58,525.97 TAO
  First inbound block:  6,421,401
  First outbound block: 6,655,861

  TOP SENDERS (upstream sources):
    5EiXej3AwjKqb9mjQAf29JG5HJf9Dwtt8CjvDqA8biprWTiN     28,140.44 TAO  [infra: Funder-A]
    5DunDrFV6BPbzsgLZUtMQtCq7w9fcUEbM59BUwx5E7N9Bn5E     15,965.41 TAO  [infra: Funder-B]
    5FV99mBYw3tYrMTXXe52PDa69an1AE19aTrpnB4kzxW73yUj     14,422.23 TAO

  TOP RECEIVERS (downstream destinations):
    5FV99mBYw3tYrMTXXe52PDa69an1AE19aTrpnB4kzxW73yUj     37,569.81 TAO
    5EiXej3AwjKqb9mjQAf29JG5HJf9Dwtt8CjvDqA8biprWTiN     16,340.13 TAO  [infra: Funder-A]
    5DunDrFV6BPbzsgLZUtMQtCq7w9fcUEbM59BUwx5E7N9Bn5E      4,616.03 TAO  [infra: Funder-B]

────────────────────────────────────────────────────────────────────────
FJMfoeUX (cross-funder hub)
  Address: 5FJMfoeUXsDXQSABaai8CUQvMyAK1a7jXqJvkBMnabfuJCjv
  Inbound (>=100 TAO):  344 txs,    82,122.19 TAO
  Outbound (>=100 TAO): 341 txs,   108,332.85 TAO
  First inbound block:  4,969,463
  First outbound block: 4,969,478

  TOP SENDERS (upstream sources):
    5GBnPzvPghS8AuCoo6bfnK7JUFHuyUhWSFD4woBNsKnPiEUi     57,034.40 TAO  [infra: GBnPzv]
    5CNChyk2fnVgVSZDLAVVFb4QBTMGm6WfuQvseBG6hj8xWzKP      9,091.54 TAO
    5E2b2DcMd5W8MBhzTCFt63t2ZEN8RsRgL7oDd7BFYL9aMQux      6,036.33 TAO
    5FqBL928choLPmeFz5UVAvonBD5k7K2mZSXVC9RkFzLxoy2s      4,464.67 TAO
    5FqqXKb9zonSNKbZhEuHYjCXnmPbX9tdzMCU2gx8gir8Z8a5      2,363.27 TAO
    5HbDZ6ULuwZegAMSPaS2kaUfBLMDaht5t48RcDrQATSgGCAR      2,201.00 TAO
    5FZiuxCBt8p6PFDisJ9ZEbBaKNVKy6TeemVJd1Z6jscsdjib        610.99 TAO
    5DxcqzHjknv1gUReoRVYg1R6XjGgPMRD1ww4koTQND7ZLJsP        319.99 TAO

  TOP RECEIVERS (downstream destinations):
    5FV99mBYw3tYrMTXXe52PDa69an1AE19aTrpnB4kzxW73yUj     48,198.73 TAO
    5DunDrFV6BPbzsgLZUtMQtCq7w9fcUEbM59BUwx5E7N9Bn5E     32,893.78 TAO  [infra: Funder-B]
    5EiXej3AwjKqb9mjQAf29JG5HJf9Dwtt8CjvDqA8biprWTiN     27,240.35 TAO  [infra: Funder-A]

Saved to profile_new_feeders_report.txt
