========================================================================
TAO.APP API INVESTIGATION
========================================================================

Fetching: Funder-A (5EiXej3AwjKq...)
  Funder-A: page 1 (100/67312 events)...
  Funder-A: page 2 (200/67312 events)...
  Funder-A: page 3 (300/67312 events)...
  Funder-A: page 4 (400/67312 events)...
  Funder-A: page 5 (500/67312 events)...
  Funder-A: page 6 (600/67312 events)...
  Funder-A: page 7 (700/67312 events)...
  Funder-A: page 8 (800/67312 events)...
  Funder-A: page 9 (900/67312 events)...
  Funder-A: page 10 (1000/67312 events)...
  Funder-A: page 11 (1100/67312 events)...
  Funder-A: page 12 (1200/67312 events)...
  Funder-A: page 13 (1300/67312 events)...
  Funder-A: page 14 (1400/67312 events)...
  Funder-A: page 15 (1500/67312 events)...
  Funder-A: page 16 (1600/67314 events)...
  Funder-A: page 17 (1700/67314 events)...
  Funder-A: page 18 (1800/67314 events)...
  Funder-A: page 19 (1900/67314 events)...
  Funder-A: page 20 (2000/67314 events)...
  Funder-A: page 21 (2100/67314 events)...
  Funder-A: page 22 (2200/67314 events)...
  Funder-A: page 23 (2300/67314 events)...
  Funder-A: page 24 (2400/67314 events)...
  Funder-A: page 25 (2500/67314 events)...
  Funder-A: page 26 (2600/67314 events)...
  Funder-A: page 27 (2700/67314 events)...
  Funder-A: page 28 (2800/67314 events)...
  Funder-A: page 29 (2900/67314 events)...
  Funder-A: page 30 (3000/67314 events)...
  Funder-A: page 31 (3100/67314 events)...
  Funder-A: page 32 (3200/67314 events)...
  Funder-A: page 33 (3300/67314 events)...
  Funder-A: page 34 (3400/67314 events)...
  Funder-A: page 35 (3500/67314 events)...
  Funder-A: page 36 (3600/67314 events)...
  Funder-A: page 37 (3700/67314 events)...
  Funder-A: page 38 (3800/67314 events)...
  Funder-A: page 39 (3900/67314 events)...
  Funder-A: page 40 (4000/67314 events)...
  Funder-A: page 41 (4100/67314 events)...
  Funder-A: page 42 (4200/67314 events)...
  Funder-A: page 43 (4300/67314 events)...
  Funder-A: page 44 (4400/67314 events)...
  Funder-A: page 45 (4500/67314 events)...
  Funder-A: page 46 (4600/67314 events)...
  Funder-A: page 47 (4700/67314 events)...
  Funder-A: page 48 (4800/67314 events)...
  Funder-A: page 49 (4900/67314 events)...
  Funder-A: page 50 (5000/67314 events)...
  Funder-A: page 51 (5100/67314 events)...
  Funder-A: page 52 (5200/67314 events)...
  Funder-A: page 53 (5300/67314 events)...
  Funder-A: page 54 (5400/67314 events)...
  Funder-A: page 55 (5500/67314 events)...
  Funder-A: page 56 (5600/67314 events)...
  Funder-A: page 57 (5700/67314 events)...
  Funder-A: page 58 (5800/67314 events)...
  Funder-A: page 59 (5900/67314 events)...
  Funder-A: page 60 (6000/67314 events)...
  Funder-A: page 61 (6100/67314 events)...
  Funder-A: page 62 (6200/67314 events)...
  Funder-A: page 63 (6300/67314 events)...
  Funder-A: page 64 (6400/67314 events)...
  Funder-A: page 65 (6500/67314 events)...
  Funder-A: page 66 (6600/67314 events)...
  Funder-A: page 67 (6700/67314 events)...
  Funder-A: page 68 (6800/67314 events)...
  Funder-A: page 69 (6900/67314 events)...
  Funder-A: page 70 (7000/67314 events)...
  Funder-A: page 71 (7100/67314 events)...
  Funder-A: page 72 (7200/67314 events)...
  Funder-A: page 73 (7300/67314 events)...
  Funder-A: page 74 (7400/67314 events)...
  Funder-A: page 75 (7500/67314 events)...
  Funder-A: page 76 (7600/67314 events)...
  Funder-A: page 77 (7700/67314 events)...
  Funder-A: page 78 (7800/67314 events)...
  Funder-A: page 79 (7900/67316 events)...
  Funder-A: page 80 (8000/67316 events)...
  Funder-A: page 81 (8100/67316 events)...
  Funder-A: page 82 (8200/67316 events)...
  Funder-A: page 83 (8300/67316 events)...
  Funder-A: page 84 (8400/67316 events)...
  Funder-A: page 85 (8500/67316 events)...
  Funder-A: page 86 (8600/67316 events)...
  Funder-A: page 87 (8700/67316 events)...
  Funder-A: page 88 (8800/67316 events)...
  Funder-A: page 89 (8900/67316 events)...
  Funder-A: page 90 (9000/67316 events)...
  Funder-A: page 91 (9100/67316 events)...
  Funder-A: page 92 (9200/67316 events)...
  Funder-A: page 93 (9300/67316 events)...
  Funder-A: page 94 (9400/67316 events)...
  Funder-A: page 95 (9500/67316 events)...
  Funder-A: page 96 (9600/67316 events)...
  Funder-A: page 97 (9700/67316 events)...
  Funder-A: page 98 (9800/67316 events)...
  Funder-A: page 99 (9900/67316 events)...
  Funder-A: page 100 (10000/67316 events)...
  Funder-A: page 101 (10100/67316 events)...
  Funder-A: page 102 (10200/67316 events)...
  Funder-A: page 103 (10300/67316 events)...
  Funder-A: page 104 (10400/67316 events)...
  Funder-A: page 105 (10500/67316 events)...
  Funder-A: page 106 (10600/67316 events)...
  Funder-A: page 107 (10700/67316 events)...
  Funder-A: page 108 (10800/67316 events)...
  Funder-A: page 109 (10900/67316 events)...
  Funder-A: page 110 (11000/67316 events)...
  Funder-A: page 111 (11100/67316 events)...
  Funder-A: page 112 (11200/67316 events)...
  Funder-A: page 113 (11300/67316 events)...
  Funder-A: page 114 (11400/67316 events)...
  Funder-A: page 115 (11500/67316 events)...
  Funder-A: page 116 (11600/67316 events)...
  Funder-A: page 117 (11700/67316 events)...
  Funder-A: page 118 (11800/67316 events)...
  Funder-A: page 119 (11900/67316 events)...
  Funder-A: page 120 (12000/67316 events)...
  Funder-A: page 121 (12100/67316 events)...
  Funder-A: page 122 (12200/67316 events)...
  Funder-A: page 123 (12300/67316 events)...
  Funder-A: page 124 (12400/67316 events)...
  Funder-A: page 125 (12500/67316 events)...
  Funder-A: page 126 (12600/67316 events)...
  Funder-A: page 127 (12700/67316 events)...
  Funder-A: page 128 (12800/67316 events)...
  Funder-A: page 129 (12900/67316 events)...
  Funder-A: page 130 (13000/67316 events)...
  Funder-A: page 131 (13100/67316 events)...
  Funder-A: page 132 (13200/67316 events)...
  Funder-A: page 133 (13300/67316 events)...
  Funder-A: page 134 (13400/67316 events)...
  Funder-A: page 135 (13500/67316 events)...
  Funder-A: page 136 (13600/67316 events)...
  Funder-A: page 137 (13700/67316 events)...
  Funder-A: page 138 (13800/67316 events)...
  Funder-A: page 139 (13900/67316 events)...
  Funder-A: page 140 (14000/67316 events)...
  Funder-A: page 141 (14100/67316 events)...
  Funder-A: page 142 (14200/67316 events)...
  Funder-A: page 143 (14300/67316 events)...
  Funder-A: page 144 (14400/67316 events)...
  Funder-A: page 145 (14500/67316 events)...
  Funder-A: page 146 (14600/67316 events)...
  Funder-A: page 147 (14700/67316 events)...
  Funder-A: page 148 (14800/67316 events)...
  Funder-A: page 149 (14900/67316 events)...
  Funder-A: page 150 (15000/67316 events)...
  Funder-A: page 151 (15100/67316 events)...
  Funder-A: page 152 (15200/67316 events)...
  Funder-A: page 153 (15300/67316 events)...
  Funder-A: page 154 (15400/67316 events)...
  Funder-A: page 155 (15500/67316 events)...
  Funder-A: page 156 (15600/67316 events)...
  Funder-A: page 157 (15700/67316 events)...
  Funder-A: page 158 (15800/67316 events)...
  Funder-A: page 159 (15900/67316 events)...
  Funder-A: page 160 (16000/67316 events)...
  Funder-A: page 161 (16100/67318 events)...
  Funder-A: page 162 (16200/67318 events)...
  Funder-A: page 163 (16300/67318 events)...
  Funder-A: page 164 (16400/67318 events)...
  Funder-A: page 165 (16500/67318 events)...
  Funder-A: page 166 (16600/67318 events)...
  Funder-A: page 167 (16700/67318 events)...
  Funder-A: page 168 (16800/67318 events)...
  Funder-A: page 169 (16900/67318 events)...
  Funder-A: page 170 (17000/67318 events)...
  Funder-A: page 171 (17100/67318 events)...
  Funder-A: page 172 (17200/67318 events)...
  Funder-A: page 173 (17300/67318 events)...
  Funder-A: page 174 (17400/67318 events)...
  Funder-A: page 175 (17500/67318 events)...
  Funder-A: page 176 (17600/67320 events)...
  Funder-A: page 177 (17700/67320 events)...
  Funder-A: page 178 (17800/67320 events)...
  Funder-A: page 179 (17900/67320 events)...
  Funder-A: page 180 (18000/67320 events)...
  Funder-A: page 181 (18100/67320 events)...
  Funder-A: page 182 (18200/67320 events)...
  Funder-A: page 183 (18300/67320 events)...
  Funder-A: page 184 (18400/67320 events)...
  Funder-A: page 185 (18500/67320 events)...
  Funder-A: page 186 (18600/67320 events)...
  Funder-A: page 187 (18700/67320 events)...
  Funder-A: page 188 (18800/67320 events)...
  Funder-A: page 189 (18900/67320 events)...
  Funder-A: page 190 (19000/67320 events)...
  Funder-A: page 191 (19100/67320 events)...
  Funder-A: page 192 (19200/67320 events)...
  Funder-A: page 193 (19300/67320 events)...
  Funder-A: page 194 (19400/67320 events)...
  Funder-A: page 195 (19500/67320 events)...
  Funder-A: page 196 (19600/67320 events)...
  Funder-A: page 197 (19700/67320 events)...
  Funder-A: page 198 (19800/67320 events)...
  Funder-A: page 199 (19900/67320 events)...
  Funder-A: page 200 (20000/67320 events)...
  → 5012 in / 7493 out  (282,914.9 TAO in, 283,055.3 TAO out)

Fetching: Funder-B (5DunDrFV6BPb...)
  Funder-B: page 1 (100/65337 events)...
  Funder-B: page 2 (200/65337 events)...
  Funder-B: page 3 (300/65337 events)...
  Funder-B: page 4 (400/65337 events)...
  Funder-B: page 5 (500/65337 events)...
  Funder-B: page 6 (600/65337 events)...
  Funder-B: page 7 (700/65337 events)...
  Funder-B: page 8 (800/65337 events)...
  Funder-B: page 9 (900/65337 events)...
  Funder-B: page 10 (1000/65337 events)...
  Funder-B: page 11 (1100/65337 events)...
  Funder-B: page 12 (1200/65337 events)...
  Funder-B: page 13 (1300/65337 events)...
  Funder-B: page 14 (1400/65337 events)...
  Funder-B: page 15 (1500/65337 events)...
  Funder-B: page 16 (1600/65337 events)...
  Funder-B: page 17 (1700/65337 events)...
  Funder-B: page 18 (1800/65337 events)...
  Funder-B: page 19 (1900/65337 events)...
  Funder-B: page 20 (2000/65337 events)...
  Funder-B: page 21 (2100/65337 events)...
  Funder-B: page 22 (2200/65337 events)...
  Funder-B: page 23 (2300/65337 events)...
  Funder-B: page 24 (2400/65337 events)...
  Funder-B: page 25 (2500/65337 events)...
  Funder-B: page 26 (2600/65337 events)...
  Funder-B: page 27 (2700/65337 events)...
  Funder-B: page 28 (2800/65337 events)...
  Funder-B: page 29 (2900/65337 events)...
  Funder-B: page 30 (3000/65337 events)...
  Funder-B: page 31 (3100/65337 events)...
  Funder-B: page 32 (3200/65337 events)...
  Funder-B: page 33 (3300/65337 events)...
  Funder-B: page 34 (3400/65337 events)...
  Funder-B: page 35 (3500/65337 events)...
  Funder-B: page 36 (3600/65337 events)...
  Funder-B: page 37 (3700/65337 events)...
  Funder-B: page 38 (3800/65337 events)...
  Funder-B: page 39 (3900/65337 events)...
  Funder-B: page 40 (4000/65337 events)...
  Funder-B: page 41 (4100/65337 events)...
  Funder-B: page 42 (4200/65337 events)...
  Funder-B: page 43 (4300/65337 events)...
  Funder-B: page 44 (4400/65337 events)...
  Funder-B: page 45 (4500/65337 events)...
  Funder-B: page 46 (4600/65337 events)...
  Funder-B: page 47 (4700/65337 events)...
  Funder-B: page 48 (4800/65337 events)...
  Funder-B: page 49 (4900/65337 events)...
  Funder-B: page 50 (5000/65337 events)...
  Funder-B: page 51 (5100/65337 events)...
  Funder-B: page 52 (5200/65337 events)...
  Funder-B: page 53 (5300/65337 events)...
  Funder-B: page 54 (5400/65337 events)...
  Funder-B: page 55 (5500/65337 events)...
  Funder-B: page 56 (5600/65337 events)...
  Funder-B: page 57 (5700/65337 events)...
  Funder-B: page 58 (5800/65337 events)...
  Funder-B: page 59 (5900/65337 events)...
  Funder-B: page 60 (6000/65337 events)...
  Funder-B: page 61 (6100/65337 events)...
  Funder-B: page 62 (6200/65337 events)...
  Funder-B: page 63 (6300/65337 events)...
  Funder-B: page 64 (6400/65337 events)...
  Funder-B: page 65 (6500/65337 events)...
  Funder-B: page 66 (6600/65337 events)...
  Funder-B: page 67 (6700/65337 events)...
  Funder-B: page 68 (6800/65337 events)...
  Funder-B: page 69 (6900/65337 events)...
  Funder-B: page 70 (7000/65337 events)...
  Funder-B: page 71 (7100/65337 events)...
  Funder-B: page 72 (7200/65337 events)...
  Funder-B: page 73 (7300/65337 events)...
  Funder-B: page 74 (7400/65337 events)...
  ERROR 429: Rate limit exceeded

  → 1557 in / 2922 out  (83,046.5 TAO in, 86,445.4 TAO out)

Fetching: HB2Q8 (upstream hub) (5HB2Q8H9Rvxr...)
  ERROR 429: Rate limit exceeded

  → 0 in / 0 out  (0.0 TAO in, 0.0 TAO out)

Fetching: FV99mB (SW#4 funder) (5FV99mBYw3tY...)
  ERROR 429: Rate limit exceeded

  → 0 in / 0 out  (0.0 TAO in, 0.0 TAO out)

Fetching: GBnPzv (SW#8 funder / HB2Q8 feeder) (5GBnPzvPghS8...)
  ERROR 429: Rate limit exceeded

  → 0 in / 0 out  (0.0 TAO in, 0.0 TAO out)

Fetching: HUPxAs (dust activator of both funders) (5HUPxAsF52CX...)
  ERROR 429: Rate limit exceeded

  → 0 in / 0 out  (0.0 TAO in, 0.0 TAO out)

Fetching: DfKewdx (dominant upstream of Funder-B) (5DfKewdxchFx...)
  ERROR 429: Rate limit exceeded

  → 0 in / 0 out  (0.0 TAO in, 0.0 TAO out)

Fetching: Const_pub (5GH2aUTMRUh1...)
  ERROR 429: Rate limit exceeded

  → 0 in / 0 out  (0.0 TAO in, 0.0 TAO out)

Fetching: Const_SN120 (5Fc3ZZQAYB3S...)
  ERROR 429: Rate limit exceeded

  → 0 in / 0 out  (0.0 TAO in, 0.0 TAO out)

Fetching: taobot_seed_funder (5E2b2DcMd5W8...)
  ERROR 429: Rate limit exceeded

  → 0 in / 0 out  (0.0 TAO in, 0.0 TAO out)

Fetching: taobot_recent_funder (5FqqXKb9zonS...)
  ERROR 429: Rate limit exceeded

  → 0 in / 0 out  (0.0 TAO in, 0.0 TAO out)

Fetching: taobot_coldkey (5GsbTgfvgCH4...)
  ERROR 429: Rate limit exceeded

  → 0 in / 0 out  (0.0 TAO in, 0.0 TAO out)


========================================================================
TAO.APP INVESTIGATION REPORT
========================================================================

CROSS-REFERENCE: TRANSFERS TO SHADOW WALLETS
------------------------------------------------------------

Funder-A (5EiXej3AwjKqb9mj...):
  → SW1: 12 txs, 7,529.07 TAO total, first at block 7,141,733
  → SW2: 49 txs, 25,865.08 TAO total, first at block 7,219,916
  → SW3: 25 txs, 12,554.67 TAO total, first at block 7,249,842
  → SW4: 6 txs, 2,598.36 TAO total, first at block 7,259,971
  → SW5: 7 txs, 2,836.72 TAO total, first at block 7,263,000
  → SW6: 1 txs, 142.47 TAO total, first at block 7,269,248
  → SW7: 15 txs, 7,724.79 TAO total, first at block 7,266,126

Funder-B (5DunDrFV6BPbzsgL...):
  → SW1: 9 txs, 4,593.11 TAO total, first at block 7,581,065
  → SW2: 22 txs, 14,494.34 TAO total, first at block 7,559,311
  → SW3: 6 txs, 2,200.79 TAO total, first at block 7,711,561
  → SW4: 14 txs, 8,713.96 TAO total, first at block 7,734,360
  → SW5: 9 txs, 5,443.22 TAO total, first at block 7,737,225
  → SW7: 18 txs, 7,513.36 TAO total, first at block 7,751,664

HB2Q8 (upstream hub): no direct sends to shadow wallets

FV99mB (SW#4 funder): no direct sends to shadow wallets

GBnPzv (SW#8 funder / HB2Q8 feeder): no direct sends to shadow wallets

HUPxAs (dust activator of both funders): no direct sends to shadow wallets

DfKewdx (dominant upstream of Funder-B): no direct sends to shadow wallets

Const_pub: no direct sends to shadow wallets

Const_SN120: no direct sends to shadow wallets

taobot_seed_funder: no direct sends to shadow wallets

taobot_recent_funder: no direct sends to shadow wallets

taobot_coldkey: no direct sends to shadow wallets

========================================================================
CONST ATTRIBUTION CHECK (via API)
------------------------------------------------------------
DIRECT TRANSFERS BETWEEN CONST KEYS: NONE FOUND

CONST KEYS vs SHADOW INFRASTRUCTURE:
  Const_pub: No overlap with shadow infrastructure found
  Const_SN120: No overlap with shadow infrastructure found
  Const_pub: No direct sends to shadow wallets
  Const_SN120: No direct sends to shadow wallets

========================================================================
TAOBOT CONNECTION CHECK
------------------------------------------------------------

taobot_seed_funder: NO overlap with shadow infrastructure or shadow wallets

taobot_recent_funder: NO overlap with shadow infrastructure or shadow wallets

taobot_coldkey: NO overlap with shadow infrastructure or shadow wallets

SHADOW INFRA NODES → taobot addresses (reverse check):
  None found.

========================================================================
PER-ADDRESS SUMMARIES
========================================================================

────────────────────────────────────────────────────────────
Funder-A
  Address: 5EiXej3AwjKqb9mjQAf29JG5HJf9Dwtt8CjvDqA8biprWTiN
  Inbound:  5,012 txs, 282,914.94 TAO total
  Outbound: 7,493 txs, 283,055.25 TAO total
  First inbound block:  7139440
  First outbound block: 7139445
  Top senders:
    5HB2Q8H9Rvxr3ejZ1o58FfXk3S3jMij6mB7Vu7b7SPqUdhTQ  69,328.17 TAO
    5EJMGn13311deMfe9pwZYd5bPkyMGs1ZmkmNtbpbv7wPcG9C  55,671.60 TAO
    5Gorfuxev7QmgDzBK92YrVW2K5PEvfZRW49SQrKm3VXcAGi1  21,942.00 TAO
    5HnhgYXb9pJcAWceju1a5aZttSPpeMqYDNqUbxntGyUNqGxR  14,127.03 TAO
    5GYLRjVVUz3GzcXWjrgYRp4FLaVBb2y5McUfkQNAKqT9d82a  10,958.07 TAO
    5FJMfoeUXsDXQSABaai8CUQvMyAK1a7jXqJvkBMnabfuJCjv  10,548.42 TAO
    5HUPxAsF52CX7RWAe3vDA7Wu7fiKT78dG3XpxRisfnwKYsn4  9,920.30 TAO
    5DEA37cMhnWbZMZQozcwtNSvtg4VPKRhkKob6HymZjTyqh1o  9,151.79 TAO
    5ESDyJBqh3SRcmboQpHc3761pZqV5C9vrFPFy8qxtAzerktB  8,786.28 TAO
    5EfXUFMjjc78YKgDrEta3SQFDvwvV7PtPnV2MKBd35SqvhQJ  7,338.48 TAO
  Top receivers:
    5EJMGn13311deMfe9pwZYd5bPkyMGs1ZmkmNtbpbv7wPcG9C  42,597.86 TAO
    5ChHTBkaE1VgK5NX59uHuZoK8VQShojKBB1sGfXaZQpxVDCi  25,865.08 TAO
    5GsQmSa5UVAps63JinL6wriKnQkspKjqspqdvZLkuDqHhCbf  17,640.13 TAO
    5GgfJE3J9BsF2uohB3kCqciuctoJoRf4MtLA8gQDHUYsdpp3  13,270.20 TAO
    5Dhf6WgqrfhVyFCGqK4G5utro2jepscwryMhLHtpMfopxweC  12,554.67 TAO
    5EfXUFMjjc78YKgDrEta3SQFDvwvV7PtPnV2MKBd35SqvhQJ  9,384.23 TAO
    5FxQcybbnvKwzm1gc9jTYMQ3SmsY9yJKWNLJKgZAmjxTW3rb  9,268.02 TAO
    5GVKorR78gqQCV6mrWMWX95hHG93ZaRAUShZVBNT768dvqv8  7,724.79 TAO
    5FEA1FfUPwT3K4zTsYbQx5X1G9R2ZjYLyFv12xBQxW9QgoCL  7,529.07 TAO
    5GYLRjVVUz3GzcXWjrgYRp4FLaVBb2y5McUfkQNAKqT9d82a  7,275.68 TAO

────────────────────────────────────────────────────────────
Funder-B
  Address: 5DunDrFV6BPbzsgLZUtMQtCq7w9fcUEbM59BUwx5E7N9Bn5E
  Inbound:  1,557 txs, 83,046.46 TAO total
  Outbound: 2,922 txs, 86,445.40 TAO total
  First inbound block:  7554562
  First outbound block: 7554520
  Top senders:
    5Gorfuxev7QmgDzBK92YrVW2K5PEvfZRW49SQrKm3VXcAGi1  17,046.65 TAO
    5HB2Q8H9Rvxr3ejZ1o58FfXk3S3jMij6mB7Vu7b7SPqUdhTQ  14,754.27 TAO
    5FJMfoeUXsDXQSABaai8CUQvMyAK1a7jXqJvkBMnabfuJCjv  8,577.79 TAO
    5HUPxAsF52CX7RWAe3vDA7Wu7fiKT78dG3XpxRisfnwKYsn4  8,437.01 TAO
    5EJMGn13311deMfe9pwZYd5bPkyMGs1ZmkmNtbpbv7wPcG9C  7,529.54 TAO
    5C77HBqjXfdMupDUyABuMof2SrnQ4RTAipd1wV6v1jUdUhFJ  6,000.00 TAO
    5ESDyJBqh3SRcmboQpHc3761pZqV5C9vrFPFy8qxtAzerktB  2,059.88 TAO
    5GJhM8dm5Pb26cTd6js396WM75g5AnGChab1QpxXDae8eR7t  1,950.00 TAO
    5FpanpirsLJC1ZeMGLpsWLc9c7joa9HZCTSxW4PnQoAgLJxk  1,543.31 TAO
    5DMAbJMNzSZ1WC9YXSmMTs3gAagA4oddmRsLv9QQ8Zv1h5xY  1,516.13 TAO
  Top receivers:
    5ChHTBkaE1VgK5NX59uHuZoK8VQShojKBB1sGfXaZQpxVDCi  14,494.34 TAO
    5GUkyA37dHnc1rEijDtvBe5yYNCpaNjaHGqB7DY9Kb2KgSj3  8,713.96 TAO
    5GVKorR78gqQCV6mrWMWX95hHG93ZaRAUShZVBNT768dvqv8  7,513.36 TAO
    5C9CxW9355u1sqy6Np85FfGssJAdyA8cAsjjV9YP8aaLvjEY  5,443.22 TAO
    5FEA1FfUPwT3K4zTsYbQx5X1G9R2ZjYLyFv12xBQxW9QgoCL  4,593.11 TAO
    5GgfJE3J9BsF2uohB3kCqciuctoJoRf4MtLA8gQDHUYsdpp3  4,187.70 TAO
    5DiC57wQvSHyJACiNfMbaLte6Uy6H7yP837NjtYHizFGiysp  3,567.56 TAO
    5Dhf6WgqrfhVyFCGqK4G5utro2jepscwryMhLHtpMfopxweC  2,200.79 TAO
    5EJMGn13311deMfe9pwZYd5bPkyMGs1ZmkmNtbpbv7wPcG9C  2,095.88 TAO
    5CAuWdpdwbhyuGkiqpGR1B4t7yRL5AF43Ndt2Xx64jzhANWA  1,736.91 TAO

────────────────────────────────────────────────────────────
HB2Q8 (upstream hub)
  Address: 5HB2Q8H9Rvxr3ejZ1o58FfXk3S3jMij6mB7Vu7b7SPqUdhTQ
  Inbound:  0 txs, 0.00 TAO total
  Outbound: 0 txs, 0.00 TAO total
  First inbound block:  None
  First outbound block: None
  Top senders:
  Top receivers:

────────────────────────────────────────────────────────────
FV99mB (SW#4 funder)
  Address: 5FV99mBYw3tYrMTXXe52PDa69an1AE19aTrpnB4kzxW73yUj
  Inbound:  0 txs, 0.00 TAO total
  Outbound: 0 txs, 0.00 TAO total
  First inbound block:  None
  First outbound block: None
  Top senders:
  Top receivers:

────────────────────────────────────────────────────────────
GBnPzv (SW#8 funder / HB2Q8 feeder)
  Address: 5GBnPzvPghS8AuCoo6bfnK7JUFHuyUhWSFD4woBNsKnPiEUi
  Inbound:  0 txs, 0.00 TAO total
  Outbound: 0 txs, 0.00 TAO total
  First inbound block:  None
  First outbound block: None
  Top senders:
  Top receivers:

────────────────────────────────────────────────────────────
HUPxAs (dust activator of both funders)
  Address: 5HUPxAsF52CX7RWAe3vDA7Wu7fiKT78dG3XpxRisfnwKYsn4
  Inbound:  0 txs, 0.00 TAO total
  Outbound: 0 txs, 0.00 TAO total
  First inbound block:  None
  First outbound block: None
  Top senders:
  Top receivers:

────────────────────────────────────────────────────────────
DfKewdx (dominant upstream of Funder-B)
  Address: 5DfKewdxchFx7umvw6qcHKXKgvVxEtMFXFXVaXShjf7anzet
  Inbound:  0 txs, 0.00 TAO total
  Outbound: 0 txs, 0.00 TAO total
  First inbound block:  None
  First outbound block: None
  Top senders:
  Top receivers:

────────────────────────────────────────────────────────────
Const_pub
  Address: 5GH2aUTMRUh1RprCgH4x3tRyCaKeUi5BfmYCfs1NARA8R54n
  Inbound:  0 txs, 0.00 TAO total
  Outbound: 0 txs, 0.00 TAO total
  First inbound block:  None
  First outbound block: None
  Top senders:
  Top receivers:

────────────────────────────────────────────────────────────
Const_SN120
  Address: 5Fc3ZZQAYB3SPXKcFnd1WJeyQvArSZZeB6LU1rb7zvQ6XvDh
  Inbound:  0 txs, 0.00 TAO total
  Outbound: 0 txs, 0.00 TAO total
  First inbound block:  None
  First outbound block: None
  Top senders:
  Top receivers:

────────────────────────────────────────────────────────────
taobot_seed_funder
  Address: 5E2b2DcMd5W8MBhzTCFt63t2ZEN8RsRgL7oDd7BFYL9aMQux
  Inbound:  0 txs, 0.00 TAO total
  Outbound: 0 txs, 0.00 TAO total
  First inbound block:  None
  First outbound block: None
  Top senders:
  Top receivers:

────────────────────────────────────────────────────────────
taobot_recent_funder
  Address: 5FqqXKb9zonSNKbZhEuHYjCXnmPbX9tdzMCU2gx8gir8Z8a5
  Inbound:  0 txs, 0.00 TAO total
  Outbound: 0 txs, 0.00 TAO total
  First inbound block:  None
  First outbound block: None
  Top senders:
  Top receivers:

────────────────────────────────────────────────────────────
taobot_coldkey
  Address: 5GsbTgfvgCH4xdqSkiPb7EaBBFLHjWH5vfEALhJaewSFpZX9
  Inbound:  0 txs, 0.00 TAO total
  Outbound: 0 txs, 0.00 TAO total
  First inbound block:  None
  First outbound block: None
  Top senders:
  Top receivers:

Saved to taoapp_investigation_report.txt
Saved to taoapp_investigation.json
